#
# There is insufficient memory for the Java Runtime Environment to continue.
# Native memory allocation (malloc) failed to allocate 32744 bytes for ChunkPool::allocate
# Possible reasons:
#   The system is out of physical RAM or swap space
#   In 32 bit mode, the process size limit was hit
# Possible solutions:
#   Reduce memory load on the system
#   Increase physical memory or swap space
#   Check if swap backing store is full
#   Use 64 bit Java on a 64 bit OS
#   Decrease Java heap size (-Xmx/-Xms)
#   Decrease number of Java threads
#   Decrease Java thread stack sizes (-Xss)
#   Set larger code cache with -XX:ReservedCodeCacheSize=
# This output file may be truncated or incomplete.
#
#  Out of Memory Error (allocation.cpp:273), pid=11312, tid=0x0000000000001874
#
# JRE version: Java(TM) SE Runtime Environment (8.0_144-b01) (build 1.8.0_144-b01)
# Java VM: Java HotSpot(TM) 64-Bit Server VM (25.144-b01 mixed mode windows-amd64 compressed oops)
# Failed to write core dump. Minidumps are not enabled by default on client versions of Windows
#

---------------  T H R E A D  ---------------

Current thread (0x0000000016fac000):  JavaThread "" daemon [_thread_in_native, id=6260, stack(0x0000000018900000,0x0000000018a00000)]

Stack: [0x0000000018900000,0x0000000018a00000]
[error occurred during error reporting (printing stack bounds), id 0xc0000005]

Native frames: (J=compiled Java code, j=interpreted, Vv=VM code, C=native code)


Current CompileTask:
C2:   7547 2030       4       org.glassfish.gmbal.typelib.TypeEvaluator$TypeEvaluationVisitor$4::evaluate (9 bytes)


---------------  P R O C E S S  ---------------

Java Threads: ( => current thread )
  0x0000000018c12800 
[error occurred during error reporting (printing all threads), id 0xc0000005]

VM state:at safepoint (normal execution)

VM Mutex/Monitor currently owned by a thread:  ([mutex/lock_event])
[0x00000000023018d0] Threads_lock - owner thread: 0x0000000016f47800
[0x0000000002300f50] Heap_lock - owner thread: 0x0000000002304000

Heap:
 PSYoungGen      total 143872K, used 11864K [0x00000000d5b80000, 0x00000000e0280000, 0x0000000100000000)
  eden space 129024K, 0% used [0x00000000d5b80000,0x00000000d5b80000,0x00000000dd980000)
  from space 14848K, 79% used [0x00000000dec00000,0x00000000df7960a8,0x00000000dfa80000)
  to   space 18944K, 0% used [0x00000000dd980000,0x00000000dd980000,0x00000000dec00000)
 ParOldGen       total 87552K, used 39769K [0x0000000081200000, 0x0000000086780000, 0x00000000d5b80000)
  object space 87552K, 45% used [0x0000000081200000,0x00000000838d66d0,0x0000000086780000)
 Metaspace       used 20829K, capacity 21092K, committed 21248K, reserved 1067008K
  class space    used 2619K, capacity 2744K, committed 2816K, reserved 1048576K

Card table byte_map: [0x00000000117c0000,0x0000000011bc0000] byte_map_base: 0x00000000113b7000

Marking Bits: (ParMarkBitMap*) 0x000000006e4bd850
 Begin Bits: [0x0000000012270000, 0x0000000014228000)
 End Bits:   [0x0000000014228000, 0x00000000161e0000)

Polling page: 0x00000000009a0000

CodeCache: size=245760Kb used=8210Kb max_used=8210Kb free=237549Kb
 bounds [0x0000000002400000, 0x0000000002c20000, 0x0000000011400000]
 total_blobs=2589 nmethods=2116 adapters=393
 compilation: enabled

Compilation events (10 events):
Event: 7.232 Thread 0x0000000016fb1000 2234       2       org.glassfish.pfl.basic.algorithm.ObjectUtility::checkPackageAccess (91 bytes)
Event: 7.233 Thread 0x0000000016fb1000 nmethod 2234 0x0000000002bd6d90 code [0x0000000002bd6f60, 0x0000000002bd7338]
Event: 7.233 Thread 0x0000000016fb1000 2233       2       org.glassfish.gmbal.impl.ManagedObjectManagerImpl::message (1 bytes)
Event: 7.233 Thread 0x0000000016fb1000 nmethod 2233 0x0000000002bd6a50 code [0x0000000002bd6ba0, 0x0000000002bd6cf0]
Event: 7.233 Thread 0x0000000016fb1000 2236       2       java.util.logging.Logger::log (25 bytes)
Event: 7.234 Thread 0x0000000016fb1000 nmethod 2236 0x0000000002bd64d0 code [0x0000000002bd6640, 0x0000000002bd68d8]
Event: 7.317 Thread 0x0000000016fb1000 2237       2       java.util.ResourceBundle$CacheKey::getLoader (22 bytes)
Event: 7.317 Thread 0x0000000016fb1000 nmethod 2237 0x0000000002bd6110 code [0x0000000002bd6260, 0x0000000002bd6410]
Event: 7.342 Thread 0x0000000016fb1000 2238   !   2       java.lang.Package::getSystemPackage (63 bytes)
Event: 7.343 Thread 0x0000000016fb1000 nmethod 2238 0x0000000002bd5510 code [0x0000000002bd56e0, 0x0000000002bd5c58]

GC Heap History (10 events):
Event: 3.849 GC heap after
Heap after GC invocations=6 (full 0):
 PSYoungGen      total 78336K, used 8464K [0x00000000d5b80000, 0x00000000db380000, 0x0000000100000000)
  eden space 66560K, 0% used [0x00000000d5b80000,0x00000000d5b80000,0x00000000d9c80000)
  from space 11776K, 71% used [0x00000000da800000,0x00000000db044350,0x00000000db380000)
  to   space 11776K, 0% used [0x00000000d9c80000,0x00000000d9c80000,0x00000000da800000)
 ParOldGen       total 87552K, used 11927K [0x0000000081200000, 0x0000000086780000, 0x00000000d5b80000)
  object space 87552K, 13% used [0x0000000081200000,0x0000000081da5e68,0x0000000086780000)
 Metaspace       used 15144K, capacity 15394K, committed 15488K, reserved 1062912K
  class space    used 1787K, capacity 1901K, committed 1920K, reserved 1048576K
}
Event: 4.600 GC heap before
{Heap before GC invocations=7 (full 0):
 PSYoungGen      total 78336K, used 75024K [0x00000000d5b80000, 0x00000000db380000, 0x0000000100000000)
  eden space 66560K, 100% used [0x00000000d5b80000,0x00000000d9c80000,0x00000000d9c80000)
  from space 11776K, 71% used [0x00000000da800000,0x00000000db044350,0x00000000db380000)
  to   space 11776K, 0% used [0x00000000d9c80000,0x00000000d9c80000,0x00000000da800000)
 ParOldGen       total 87552K, used 11927K [0x0000000081200000, 0x0000000086780000, 0x00000000d5b80000)
  object space 87552K, 13% used [0x0000000081200000,0x0000000081da5e68,0x0000000086780000)
 Metaspace       used 15734K, capacity 16034K, committed 16384K, reserved 1062912K
  class space    used 1845K, capacity 1965K, committed 2048K, reserved 1048576K
Event: 4.634 GC heap after
Heap after GC invocations=7 (full 0):
 PSYoungGen      total 78336K, used 11769K [0x00000000d5b80000, 0x00000000dfa80000, 0x0000000100000000)
  eden space 66560K, 0% used [0x00000000d5b80000,0x00000000d5b80000,0x00000000d9c80000)
  from space 11776K, 99% used [0x00000000d9c80000,0x00000000da7fe658,0x00000000da800000)
  to   space 14848K, 0% used [0x00000000dec00000,0x00000000dec00000,0x00000000dfa80000)
 ParOldGen       total 87552K, used 14989K [0x0000000081200000, 0x0000000086780000, 0x00000000d5b80000)
  object space 87552K, 17% used [0x0000000081200000,0x00000000820a3518,0x0000000086780000)
 Metaspace       used 15734K, capacity 16034K, committed 16384K, reserved 1062912K
  class space    used 1845K, capacity 1965K, committed 2048K, reserved 1048576K
}
Event: 5.455 GC heap before
{Heap before GC invocations=8 (full 0):
 PSYoungGen      total 78336K, used 78329K [0x00000000d5b80000, 0x00000000dfa80000, 0x0000000100000000)
  eden space 66560K, 100% used [0x00000000d5b80000,0x00000000d9c80000,0x00000000d9c80000)
  from space 11776K, 99% used [0x00000000d9c80000,0x00000000da7fe658,0x00000000da800000)
  to   space 14848K, 0% used [0x00000000dec00000,0x00000000dec00000,0x00000000dfa80000)
 ParOldGen       total 87552K, used 14989K [0x0000000081200000, 0x0000000086780000, 0x00000000d5b80000)
  object space 87552K, 17% used [0x0000000081200000,0x00000000820a3518,0x0000000086780000)
 Metaspace       used 18603K, capacity 18856K, committed 19072K, reserved 1067008K
  class space    used 2248K, capacity 2350K, committed 2432K, reserved 1048576K
Event: 5.513 GC heap after
Heap after GC invocations=8 (full 0):
 PSYoungGen      total 143872K, used 14848K [0x00000000d5b80000, 0x00000000e0280000, 0x0000000100000000)
  eden space 129024K, 0% used [0x00000000d5b80000,0x00000000d5b80000,0x00000000dd980000)
  from space 14848K, 100% used [0x00000000dec00000,0x00000000dfa80000,0x00000000dfa80000)
  to   space 18944K, 0% used [0x00000000dd980000,0x00000000dd980000,0x00000000dec00000)
 ParOldGen       total 87552K, used 19445K [0x0000000081200000, 0x0000000086780000, 0x00000000d5b80000)
  object space 87552K, 22% used [0x0000000081200000,0x00000000824fd6f0,0x0000000086780000)
 Metaspace       used 18603K, capacity 18856K, committed 19072K, reserved 1067008K
  class space    used 2248K, capacity 2350K, committed 2432K, reserved 1048576K
}
Event: 6.930 GC heap before
{Heap before GC invocations=9 (full 0):
 PSYoungGen      total 143872K, used 143872K [0x00000000d5b80000, 0x00000000e0280000, 0x0000000100000000)
  eden space 129024K, 100% used [0x00000000d5b80000,0x00000000dd980000,0x00000000dd980000)
  from space 14848K, 100% used [0x00000000dec00000,0x00000000dfa80000,0x00000000dfa80000)
  to   space 18944K, 0% used [0x00000000dd980000,0x00000000dd980000,0x00000000dec00000)
 ParOldGen       total 87552K, used 19445K [0x0000000081200000, 0x0000000086780000, 0x00000000d5b80000)
  object space 87552K, 22% used [0x0000000081200000,0x00000000824fd6f0,0x0000000086780000)
 Metaspace       used 20023K, capacity 20312K, committed 20608K, reserved 1067008K
  class space    used 2522K, capacity 2614K, committed 2688K, reserved 1048576K
Event: 7.029 GC heap after
Heap after GC invocations=9 (full 0):
 PSYoungGen      total 147968K, used 18944K [0x00000000d5b80000, 0x00000000e0280000, 0x0000000100000000)
  eden space 129024K, 0% used [0x00000000d5b80000,0x00000000d5b80000,0x00000000dd980000)
  from space 18944K, 100% used [0x00000000dd980000,0x00000000dec00000,0x00000000dec00000)
  to   space 14848K, 0% used [0x00000000dec00000,0x00000000dec00000,0x00000000dfa80000)
 ParOldGen       total 87552K, used 30913K [0x0000000081200000, 0x0000000086780000, 0x00000000d5b80000)
  object space 87552K, 35% used [0x0000000081200000,0x00000000830306d0,0x0000000086780000)
 Metaspace       used 20023K, capacity 20312K, committed 20608K, reserved 1067008K
  class space    used 2522K, capacity 2614K, committed 2688K, reserved 1048576K
}
Event: 7.373 GC heap before
{Heap before GC invocations=10 (full 0):
 PSYoungGen      total 147968K, used 39657K [0x00000000d5b80000, 0x00000000e0280000, 0x0000000100000000)
  eden space 129024K, 16% used [0x00000000d5b80000,0x00000000d6fba768,0x00000000dd980000)
  from space 18944K, 100% used [0x00000000dd980000,0x00000000dec00000,0x00000000dec00000)
  to   space 14848K, 0% used [0x00000000dec00000,0x00000000dec00000,0x00000000dfa80000)
 ParOldGen       total 87552K, used 30913K [0x0000000081200000, 0x0000000086780000, 0x00000000d5b80000)
  object space 87552K, 35% used [0x0000000081200000,0x00000000830306d0,0x0000000086780000)
 Metaspace       used 20829K, capacity 21092K, committed 21248K, reserved 1067008K
  class space    used 2619K, capacity 2744K, committed 2816K, reserved 1048576K
Event: 7.426 GC heap after
Heap after GC invocations=10 (full 0):
 PSYoungGen      total 143872K, used 11864K [0x00000000d5b80000, 0x00000000e0280000, 0x0000000100000000)
  eden space 129024K, 0% used [0x00000000d5b80000,0x00000000d5b80000,0x00000000dd980000)
  from space 14848K, 79% used [0x00000000dec00000,0x00000000df7960a8,0x00000000dfa80000)
  to   space 18944K, 0% used [0x00000000dd980000,0x00000000dd980000,0x00000000dec00000)
 ParOldGen       total 87552K, used 39769K [0x0000000081200000, 0x0000000086780000, 0x00000000d5b80000)
  object space 87552K, 45% used [0x0000000081200000,0x00000000838d66d0,0x0000000086780000)
 Metaspace       used 20829K, capacity 21092K, committed 21248K, reserved 1067008K
  class space    used 2619K, capacity 2744K, committed 2816K, reserved 1048576K
}
Event: 7.426 GC heap before
{Heap before GC invocations=11 (full 1):
 PSYoungGen      total 143872K, used 11864K [0x00000000d5b80000, 0x00000000e0280000, 0x0000000100000000)
  eden space 129024K, 0% used [0x00000000d5b80000,0x00000000d5b80000,0x00000000dd980000)
  from space 14848K, 79% used [0x00000000dec00000,0x00000000df7960a8,0x00000000dfa80000)
  to   space 18944K, 0% used [0x00000000dd980000,0x00000000dd980000,0x00000000dec00000)
 ParOldGen       total 87552K, used 39769K [0x0000000081200000, 0x0000000086780000, 0x00000000d5b80000)
  object space 87552K, 45% used [0x0000000081200000,0x00000000838d66d0,0x0000000086780000)
 Metaspace       used 20829K, capacity 21092K, committed 21248K, reserved 1067008K
  class space    used 2619K, capacity 2744K, committed 2816K, reserved 1048576K

Deoptimization events (10 events):
Event: 7.198 Thread 0x0000000002304000 Uncommon trap: reason=range_check action=none pc=0x00000000027eee5c method=sun.reflect.generics.parser.SignatureParser.current()C @ 34
Event: 7.213 Thread 0x0000000002304000 Uncommon trap: reason=unstable_if action=reinterpret pc=0x00000000029ee3b0 method=java.util.HashMap$HashIterator.<init>(Ljava/util/HashMap;)V @ 45
Event: 7.226 Thread 0x0000000002304000 Uncommon trap: reason=range_check action=none pc=0x00000000027eee5c method=sun.reflect.generics.parser.SignatureParser.current()C @ 34
Event: 7.226 Thread 0x0000000002304000 Uncommon trap: reason=range_check action=none pc=0x00000000027eee5c method=sun.reflect.generics.parser.SignatureParser.current()C @ 34
Event: 7.226 Thread 0x0000000002304000 Uncommon trap: reason=range_check action=none pc=0x00000000027eee5c method=sun.reflect.generics.parser.SignatureParser.current()C @ 34
Event: 7.227 Thread 0x0000000002304000 Uncommon trap: reason=range_check action=none pc=0x00000000027eee5c method=sun.reflect.generics.parser.SignatureParser.current()C @ 34
Event: 7.302 Thread 0x0000000002304000 Uncommon trap: reason=bimorphic action=maybe_recompile pc=0x0000000002ac5e80 method=java.util.AbstractList$Itr.next()Ljava/lang/Object; @ 14
Event: 7.304 Thread 0x0000000002304000 Uncommon trap: reason=bimorphic action=maybe_recompile pc=0x0000000002ac5e80 method=java.util.AbstractList$Itr.next()Ljava/lang/Object; @ 14
Event: 7.305 Thread 0x0000000002304000 Uncommon trap: reason=bimorphic action=maybe_recompile pc=0x0000000002ac5e80 method=java.util.AbstractList$Itr.next()Ljava/lang/Object; @ 14
Event: 7.305 Thread 0x0000000002304000 Uncommon trap: reason=bimorphic action=maybe_recompile pc=0x0000000002ac5e80 method=java.util.AbstractList$Itr.next()Ljava/lang/Object; @ 14

Internal exceptions (10 events):
Event: 7.090 Thread 0x0000000002304000 Exception <a 'java/lang/ArrayIndexOutOfBoundsException': 28> (0x00000000d6032a78) thrown at [C:\re\workspace\8-2-build-windows-amd64-cygwin\jdk8u144\9417\hotspot\src\share\vm\interpreter\interpreterRuntime.cpp, line 366]
Event: 7.090 Thread 0x0000000002304000 Exception <a 'java/lang/ArrayIndexOutOfBoundsException': 31> (0x00000000d60346b8) thrown at [C:\re\workspace\8-2-build-windows-amd64-cygwin\jdk8u144\9417\hotspot\src\share\vm\interpreter\interpreterRuntime.cpp, line 366]
Event: 7.090 Thread 0x0000000002304000 Exception <a 'java/lang/ArrayIndexOutOfBoundsException': 104> (0x00000000d6041cc8) thrown at [C:\re\workspace\8-2-build-windows-amd64-cygwin\jdk8u144\9417\hotspot\src\share\vm\interpreter\interpreterRuntime.cpp, line 366]
Event: 7.090 Thread 0x0000000002304000 Exception <a 'java/lang/ArrayIndexOutOfBoundsException': 96> (0x00000000d604cc10) thrown at [C:\re\workspace\8-2-build-windows-amd64-cygwin\jdk8u144\9417\hotspot\src\share\vm\interpreter\interpreterRuntime.cpp, line 366]
Event: 7.198 Thread 0x0000000002304000 Exception <a 'java/lang/ArrayIndexOutOfBoundsException': 22> (0x00000000d66977e0) thrown at [C:\re\workspace\8-2-build-windows-amd64-cygwin\jdk8u144\9417\hotspot\src\share\vm\interpreter\interpreterRuntime.cpp, line 366]
Event: 7.198 Thread 0x0000000002304000 Exception <a 'java/lang/ArrayIndexOutOfBoundsException': 79> (0x00000000d669d0a0) thrown at [C:\re\workspace\8-2-build-windows-amd64-cygwin\jdk8u144\9417\hotspot\src\share\vm\interpreter\interpreterRuntime.cpp, line 366]
Event: 7.226 Thread 0x0000000002304000 Exception <a 'java/lang/ArrayIndexOutOfBoundsException': 127> (0x00000000d67cb930) thrown at [C:\re\workspace\8-2-build-windows-amd64-cygwin\jdk8u144\9417\hotspot\src\share\vm\interpreter\interpreterRuntime.cpp, line 366]
Event: 7.226 Thread 0x0000000002304000 Exception <a 'java/lang/ArrayIndexOutOfBoundsException': 67> (0x00000000d67ce850) thrown at [C:\re\workspace\8-2-build-windows-amd64-cygwin\jdk8u144\9417\hotspot\src\share\vm\interpreter\interpreterRuntime.cpp, line 366]
Event: 7.226 Thread 0x0000000002304000 Exception <a 'java/lang/ArrayIndexOutOfBoundsException': 82> (0x00000000d67d38f8) thrown at [C:\re\workspace\8-2-build-windows-amd64-cygwin\jdk8u144\9417\hotspot\src\share\vm\interpreter\interpreterRuntime.cpp, line 366]
Event: 7.227 Thread 0x0000000002304000 Exception <a 'java/lang/ArrayIndexOutOfBoundsException': 81> (0x00000000d67d7558) thrown at [C:\re\workspace\8-2-build-windows-amd64-cygwin\jdk8u144\9417\hotspot\src\share\vm\interpreter\interpreterRuntime.cpp, line 366]

Events (10 events):
Event: 7.370 Thread 0x0000000002304000 DEOPT UNPACKING pc=0x000000000244787f sp=0x00000000022abf30 mode 1
Event: 7.370 Thread 0x0000000002304000 DEOPT PACKING pc=0x0000000002683d14 sp=0x00000000022ac2a0
Event: 7.370 Thread 0x0000000002304000 DEOPT UNPACKING pc=0x000000000244787f sp=0x00000000022ac0c0 mode 1
Event: 7.370 Thread 0x0000000002304000 DEOPT PACKING pc=0x00000000026ba781 sp=0x00000000022ac2e0
Event: 7.370 Thread 0x0000000002304000 DEOPT UNPACKING pc=0x000000000244787f sp=0x00000000022ac040 mode 1
Event: 7.370 Thread 0x0000000002304000 DEOPT PACKING pc=0x00000000026c82b4 sp=0x00000000022ac430
Event: 7.370 Thread 0x0000000002304000 DEOPT UNPACKING pc=0x000000000244787f sp=0x00000000022ac1a8 mode 1
Event: 7.370 Thread 0x0000000002304000 DEOPT PACKING pc=0x00000000026c141c sp=0x00000000022ac4e0
Event: 7.370 Thread 0x0000000002304000 DEOPT UNPACKING pc=0x000000000244787f sp=0x00000000022ac220 mode 1
Event: 7.373 Executing VM operation: CollectForMetadataAllocation


Dynamic libraries:
0x00007ff6c9110000 - 0x00007ff6c9147000 	C:\Program Files\Java\jdk1.8.0_144\bin\java.exe
0x00007ff8785a0000 - 0x00007ff878772000 	C:\WINDOWS\SYSTEM32\ntdll.dll
0x00007ff8770b0000 - 0x00007ff87715c000 	C:\WINDOWS\System32\KERNEL32.DLL
0x00007ff874df0000 - 0x00007ff87500d000 	C:\WINDOWS\System32\KERNELBASE.dll
0x000000006e8e0000 - 0x000000006e993000 	C:\Program Files\Bitdefender\Endpoint Security\Signatures\AVC\AVC3_00634_069\avcuf64.dll
0x00007ff877160000 - 0x00007ff877202000 	C:\WINDOWS\System32\ADVAPI32.dll
0x00007ff878470000 - 0x00007ff87850e000 	C:\WINDOWS\System32\msvcrt.dll
0x00007ff877db0000 - 0x00007ff877e09000 	C:\WINDOWS\System32\sechost.dll
0x00007ff8782c0000 - 0x00007ff8783e1000 	C:\WINDOWS\System32\RPCRT4.dll
0x00007ff877e70000 - 0x00007ff877fd5000 	C:\WINDOWS\System32\USER32.dll
0x00007ff874aa0000 - 0x00007ff874abe000 	C:\WINDOWS\System32\win32u.dll
0x00007ff875b30000 - 0x00007ff875b64000 	C:\WINDOWS\System32\GDI32.dll
0x00007ff8758b0000 - 0x00007ff875a30000 	C:\WINDOWS\System32\gdi32full.dll
0x00007ff86b870000 - 0x00007ff86baea000 	C:\WINDOWS\WinSxS\amd64_microsoft.windows.common-controls_6595b64144ccf1df_6.0.14393.953_none_42151e83c686086b\COMCTL32.dll
0x00007ff877210000 - 0x00007ff8774d8000 	C:\WINDOWS\System32\combase.dll
0x00007ff874b20000 - 0x00007ff874c15000 	C:\WINDOWS\System32\ucrtbase.dll
0x00007ff8756f0000 - 0x00007ff87575a000 	C:\WINDOWS\System32\bcryptPrimitives.dll
0x00007ff877080000 - 0x00007ff8770ae000 	C:\WINDOWS\System32\IMM32.DLL
0x000000006dbc0000 - 0x000000006dc92000 	C:\Program Files\Java\jdk1.8.0_144\jre\bin\msvcr100.dll
0x000000006dca0000 - 0x000000006e53d000 	C:\Program Files\Java\jdk1.8.0_144\jre\bin\server\jvm.dll
0x00007ff878510000 - 0x00007ff878518000 	C:\WINDOWS\System32\PSAPI.DLL
0x00007ff871f90000 - 0x00007ff871f99000 	C:\WINDOWS\SYSTEM32\WSOCK32.dll
0x00007ff878250000 - 0x00007ff8782ba000 	C:\WINDOWS\System32\WS2_32.dll
0x00007ff872800000 - 0x00007ff872823000 	C:\WINDOWS\SYSTEM32\WINMM.dll
0x00007ff869c90000 - 0x00007ff869c9a000 	C:\WINDOWS\SYSTEM32\VERSION.dll
0x00007ff8726c0000 - 0x00007ff8726eb000 	C:\WINDOWS\SYSTEM32\WINMMBASE.dll
0x00007ff875a30000 - 0x00007ff875a72000 	C:\WINDOWS\System32\cfgmgr32.dll
0x000000006db70000 - 0x000000006db7f000 	C:\Program Files\Java\jdk1.8.0_144\jre\bin\verify.dll
0x000000006db40000 - 0x000000006db69000 	C:\Program Files\Java\jdk1.8.0_144\jre\bin\java.dll
0x000000006d790000 - 0x000000006d7c5000 	C:\Program Files\Java\jdk1.8.0_144\jre\bin\jdwp.dll
0x000000006d780000 - 0x000000006d788000 	C:\Program Files\Java\jdk1.8.0_144\jre\bin\npt.dll
0x000000006db20000 - 0x000000006db36000 	C:\Program Files\Java\jdk1.8.0_144\jre\bin\zip.dll
0x00007ff875b70000 - 0x00007ff877078000 	C:\WINDOWS\System32\SHELL32.dll
0x00007ff875010000 - 0x00007ff8756e8000 	C:\WINDOWS\System32\windows.storage.dll
0x00007ff874a50000 - 0x00007ff874a9c000 	C:\WINDOWS\System32\powrprof.dll
0x00007ff877cb0000 - 0x00007ff877d02000 	C:\WINDOWS\System32\shlwapi.dll
0x00007ff874a40000 - 0x00007ff874a4f000 	C:\WINDOWS\System32\kernel.appcore.dll
0x00007ff875800000 - 0x00007ff8758a9000 	C:\WINDOWS\System32\shcore.dll
0x00007ff874a10000 - 0x00007ff874a24000 	C:\WINDOWS\System32\profapi.dll
0x000000006d760000 - 0x000000006d76b000 	C:\Program Files\Java\jdk1.8.0_144\jre\bin\dt_shmem.dll
0x000000006db00000 - 0x000000006db1a000 	C:\Program Files\Java\jdk1.8.0_144\jre\bin\net.dll
0x00007ff8742e0000 - 0x00007ff87433c000 	C:\WINDOWS\system32\mswsock.dll
0x00007ff861cf0000 - 0x00007ff861d06000 	C:\WINDOWS\system32\napinsp.dll
0x00007ff8617a0000 - 0x00007ff8617ba000 	C:\WINDOWS\system32\pnrpnsp.dll
0x00007ff872e00000 - 0x00007ff872e18000 	C:\WINDOWS\system32\NLAapi.dll
0x00007ff8740a0000 - 0x00007ff874141000 	C:\WINDOWS\SYSTEM32\DNSAPI.dll
0x00007ff8783f0000 - 0x00007ff8783f8000 	C:\WINDOWS\System32\NSI.dll
0x00007ff874060000 - 0x00007ff874098000 	C:\WINDOWS\SYSTEM32\IPHLPAPI.DLL
0x00007ff8614c0000 - 0x00007ff8614ce000 	C:\WINDOWS\System32\winrnr.dll
0x00007ff8613d0000 - 0x00007ff8613e5000 	C:\WINDOWS\System32\wshbth.dll
0x0000000000a30000 - 0x0000000000a56000 	C:\Program Files\Bonjour\mdnsNSP.dll
0x00007ff8657b0000 - 0x00007ff8657ba000 	C:\Windows\System32\rasadhlp.dll
0x00007ff86a440000 - 0x00007ff86a4aa000 	C:\WINDOWS\System32\fwpuclnt.dll
0x00007ff874960000 - 0x00007ff87498b000 	C:\WINDOWS\SYSTEM32\bcrypt.dll
0x000000006da40000 - 0x000000006da64000 	C:\Program Files\Java\jdk1.8.0_144\jre\bin\sunec.dll
0x00007ff86fc40000 - 0x00007ff86fc56000 	C:\WINDOWS\SYSTEM32\dhcpcsvc6.DLL
0x00007ff86fcf0000 - 0x00007ff86fd0a000 	C:\WINDOWS\SYSTEM32\dhcpcsvc.DLL
0x000000006dae0000 - 0x000000006daf1000 	C:\Program Files\Java\jdk1.8.0_144\jre\bin\nio.dll
0x00007ff874480000 - 0x00007ff874497000 	C:\WINDOWS\SYSTEM32\CRYPTSP.dll
0x00007ff873ee0000 - 0x00007ff873f13000 	C:\WINDOWS\system32\rsaenh.dll
0x00007ff874160000 - 0x00007ff87417f000 	C:\WINDOWS\SYSTEM32\USERENV.dll
0x00007ff8744a0000 - 0x00007ff8744ab000 	C:\WINDOWS\SYSTEM32\CRYPTBASE.dll
0x000000006dad0000 - 0x000000006dadd000 	C:\Program Files\Java\jdk1.8.0_144\jre\bin\management.dll

VM Arguments:
jvm_args: -Xdebug -Xrunjdwp:transport=dt_shmem,address=javadebug -ea -Xbootclasspath/p:C:\Program Files (x86)\NetBeans 8.2\enterprise\modules\ext\javaee6-endorsed\javax.annotation.jar;C:\Program Files (x86)\NetBeans 8.2\enterprise\modules\ext\javaee6-endorsed\jaxb-api-osgi.jar;C:\Program Files (x86)\NetBeans 8.2\enterprise\modules\ext\javaee6-endorsed\webservices-api-osgi.jar 
java_command: org.apache.tools.ant.taskdefs.optional.junit.JUnitTestRunner com.losalpes.servicios.PersistenciaBMTTest methods=testInsertar skipNonTests=false filtertrace=true haltOnError=false haltOnFailure=false showoutput=true outputtoformatters=true logfailedtests=true threadid=0 logtestlistenerevents=true formatter=org.apache.tools.ant.taskdefs.optional.junit.BriefJUnitResultFormatter formatter=org.apache.tools.ant.taskdefs.optional.junit.XMLJUnitResultFormatter,C:\Users\JUANPA~1\AppData\Local\Temp\TEST-com.losalpes.servicios.PersistenciaBMTTest.xml crashfile=C:\Users\Juan Paz\Documents\Personales\ECOS\Desarrollo basado en componentes\Ejercicios\Lab5JTA\Lab3-MueblesDeLosAlpes-ejb\build\junitvmwatcher5135125161513470989.properties propsfile=C:\Users\Juan Paz\Documents\Personales\ECOS\Desarrollo basado en componentes\Ejercicios\Lab5JTA\Lab3-MueblesDeLosAlpes-ejb\build\junit1706802838823672968.properties
java_class_path (initial): C:\Users\Juan Paz\Documents\Personales\ECOS\Desarrollo basado en componentes\Ejercicios\Lab5JTA\lib\openpojo-0.7.5.jar;C:\Users\Juan Paz\Documents\Personales\ECOS\Desarrollo basado en componentes\Ejercicios\Lab5JTA\lib\junit-4.12.jar;C:\Users\Juan Paz\Documents\Personales\ECOS\Desarrollo basado en componentes\Ejercicios\Lab5JTA\lib\hamcrest-core-1.3.jar;C:\Users\Juan Paz\Documents\Personales\ECOS\Desarrollo basado en componentes\Ejercicios\Lab5JTA\Lab3-MueblesDeLosAlpes-ejb\build\classes;C:\Program Files (x86)\NetBeans 8.2\platform\modules\ext\junit-4.12.jar;C:\Program Files (x86)\NetBeans 8.2\platform\modules\ext\hamcrest-core-1.3.jar;C:\Users\Juan Paz\Documents\Personales\ECOS\Desarrollo basado en componentes\Ejercicios\Lab5JTA\Lab3-MueblesDeLosAlpes-ejb\build\test\classes;C:\Program Files (x86)\glassfish-4.1.1\glassfish\modules\endorsed\javax.annotation-api.jar;C:\Program Files (x86)\glassfish-4.1.1\glassfish\modules\endorsed\jaxb-api.jar;C:\Program Files (x86)\glassfish-4.1.1\glassfish\modules\endorsed\webservices-api-osgi.jar;C:\Program Files (x86)\glassfish-4.1.1\glassfish\modules\bean-validator.jar;C:\Program Files (x86)\glassfish-4.1.1\glassfish\modules\cdi-api.jar;C:\Program Files (x86)\glassfish-4.1.1\glassfish\modules\javax.batch-api.jar;C:\Program Files (x86)\glassfish-4.1.1\glassfish\modules\javax.ejb-api.jar;C:\Program Files (x86)\glassfish-4.1.1\glassfish\modules\javax.el.jar;C:\Program Files (x86)\glassfish-4.1.1\glassfish\modules\javax.enterprise.concurrent-api.jar;C:\Program Files (x86)\glassfish-4.1.1\glassfish\modules\javax.enterprise.concurrent.jar;C:\Program Files (x86)\glassfish-4.1.1\glassfish\modules\javax.enterprise.deploy-api.jar;C:\Program Files (x86)\glassfish-4.1.1\glassfish\modules\javax.faces.jar;C:\Program Files (x86)\glassfish-4.1.1\glassfish\modules\javax.inject.jar;C:\Program Files (x86)\glassfish-4.1.1\glassfish\modules\javax.interceptor-api.jar;C:\Program Files (x86)\glassfish-4.1.1\glassfish\modules
Launcher Type: SUN_STANDARD

Environment Variables:
JAVA_HOME=C:\Program Files (x86)\Java\jdk1.8.0_121
PATH=C:\oraclexe\app\oracle\product\11.2.0\server\bin;;C:\Program Files\Broadcom\Broadcom 802.11 Network Adapter;C:\Program Files (x86)\Intel\iCLS Client\;C:\Program Files\Intel\iCLS Client\;C:\WINDOWS\system32;C:\WINDOWS;C:\WINDOWS\System32\Wbem;C:\WINDOWS\System32\WindowsPowerShell\v1.0\;C:\Program Files (x86)\Intel\Intel(R) Management Engine Components\DAL;C:\Program Files\Intel\Intel(R) Management Engine Components\DAL;C:\Program Files (x86)\Intel\Intel(R) Management Engine Components\IPT;C:\Program Files\Intel\Intel(R) Management Engine Components\IPT;C:\Program Files\Git\cmd;C:\xampp\php;C:\ProgramData\ComposerSetup\bin;C:\Program Files (x86)\Skype\Phone\;C:\Users\Juan Paz\AppData\Roaming\Composer\vendor\bin;C:\Program Files\nodejs\;C:\Program Files\Redis\;C:\Program Files (x86)\Java\jdk1.8.0_121\bin;C:\Program Files (x86)\Cupi2\ant\bin\;C:\Program Files (x86)\PuTTY\;C:\xampp;C:\Program Files (x86)\Google\Cloud SDK\google-cloud-sdk\bin;C:\Users\Juan Paz\Documents\Personales\Pro JAVA\Spring CLI\bin;C:\Ruby23\bin;C:\Android\sdk\platform-tools;C:\Android\sdk\platforms;C:\Program Files\Java\jdk1.7.0_79\bin;C:\Users\Juan Paz\AppData\Local\Microsoft\WindowsApps;C:\Program Files (x86)\Microsoft VS Code\bin;C:\Program Files (x86)\Java\apache-maven-3.3.9\bin;C:\Program Files\Heroku\bin;C:\Program Files (x86)\Java\spring-1.1.4.RELEASE\bin
USERNAME=Juan Paz
OS=Windows_NT
PROCESSOR_IDENTIFIER=Intel64 Family 6 Model 61 Stepping 4, GenuineIntel



---------------  S Y S T E M  ---------------

OS: Windows 10.0 , 64 bit Build 14393 (10.0.14393.1198)

CPU:total 4 (initial active 4) (2 cores per cpu, 2 threads per core) family 6 model 61 stepping 4, cmov, cx8, fxsr, mmx, sse, sse2, sse3, ssse3, sse4.1, sse4.2, popcnt, avx, avx2, aes, clmul, erms, 3dnowpref, lzcnt, ht, tsc, tscinvbit, bmi1, bmi2, adx

Memory: 4k page, physical 8309004k(1398528k free), swap 8309004k(7932k free)

vm_info: Java HotSpot(TM) 64-Bit Server VM (25.144-b01) for windows-amd64 JRE (1.8.0_144-b01), built on Jul 21 2017 21:57:33 by "java_re" with MS VC++ 10.0 (VS2010)

time: Sun Nov 12 20:10:36 2017
elapsed time: 7 seconds (0d 0h 0m 7s)

