#
# There is insufficient memory for the Java Runtime Environment to continue.
# Native memory allocation (malloc) failed to allocate 32744 bytes for ChunkPool::allocate
# Possible reasons:
#   The system is out of physical RAM or swap space
#   In 32 bit mode, the process size limit was hit
# Possible solutions:
#   Reduce memory load on the system
#   Increase physical memory or swap space
#   Check if swap backing store is full
#   Use 64 bit Java on a 64 bit OS
#   Decrease Java heap size (-Xmx/-Xms)
#   Decrease number of Java threads
#   Decrease Java thread stack sizes (-Xss)
#   Set larger code cache with -XX:ReservedCodeCacheSize=
# This output file may be truncated or incomplete.
#
#  Out of Memory Error (allocation.cpp:273), pid=10880, tid=0x0000000000003360
#
# JRE version: Java(TM) SE Runtime Environment (8.0_144-b01) (build 1.8.0_144-b01)
# Java VM: Java HotSpot(TM) 64-Bit Server VM (25.144-b01 mixed mode windows-amd64 compressed oops)
# Failed to write core dump. Minidumps are not enabled by default on client versions of Windows
#

---------------  T H R E A D  ---------------

Current thread (0x0000000017196000):  JavaThread "C2 CompilerThread1" daemon [_thread_in_native, id=13152, stack(0x0000000018900000,0x0000000018a00000)]

Stack: [0x0000000018900000,0x0000000018a00000]
[error occurred during error reporting (printing stack bounds), id 0xc0000005]

Native frames: (J=compiled Java code, j=interpreted, Vv=VM code, C=native code)


Current CompileTask:
C2:   4449 2005       4       sun.reflect.generics.parser.SignatureParser::parsePackageNameAndSimpleClassTypeSignature (139 bytes)


---------------  P R O C E S S  ---------------

Java Threads: ( => current thread )
  0x0000000018b32800 JavaThread "Service Thread" daemon [_thread_blocked, id=7240, stack(0x0000000018f00000,0x0000000019000000)]
  0x0000000017199000 JavaThread "C1 CompilerThread2" daemon [_thread_blocked, id=12140, stack(0x0000000018a00000,0x0000000018b00000)]
=>0x0000000017196000 JavaThread "C2 CompilerThread1" daemon [_thread_in_native, id=13152, stack(0x0000000018900000,0x0000000018a00000)]
  0x0000000017194000 JavaThread "C2 CompilerThread0" daemon [_thread_in_native, id=12148, stack(0x0000000018800000,0x0000000018900000)]
  0x0000000017192800 JavaThread "Attach Listener" daemon [_thread_blocked, id=6980, stack(0x0000000018700000,0x0000000018800000)]
  0x0000000017191000 JavaThread "Signal Dispatcher" daemon [_thread_blocked, id=10104, stack(0x0000000018600000,0x0000000018700000)]
  0x0000000017180000 JavaThread "Finalizer" daemon [_thread_blocked, id=4272, stack(0x00000000183f0000,0x00000000184f0000)]
  0x0000000017159800 JavaThread "Reference Handler" daemon [_thread_blocked, id=12576, stack(0x00000000182f0000,0x00000000183f0000)]
  0x0000000002514000 JavaThread "main" [_thread_in_native, id=1216, stack(0x0000000002410000,0x0000000002510000)]

Other Threads:
  0x0000000017158000 VMThread [stack: 0x00000000181f0000,0x00000000182f0000] [id=12744]
  0x0000000018b4b000 WatcherThread [stack: 0x0000000019000000,0x0000000019100000] [id=11268]

VM state:not at safepoint (normal execution)

VM Mutex/Monitor currently owned by a thread: None

Heap:
 PSYoungGen      total 80896K, used 33702K [0x00000000d5b80000, 0x00000000dba80000, 0x0000000100000000)
  eden space 65536K, 28% used [0x00000000d5b80000,0x00000000d6d71bc0,0x00000000d9b80000)
  from space 15360K, 99% used [0x00000000d9b80000,0x00000000daa78010,0x00000000daa80000)
  to   space 14336K, 0% used [0x00000000daa80000,0x00000000daa80000,0x00000000db880000)
 ParOldGen       total 87552K, used 23844K [0x0000000081200000, 0x0000000086780000, 0x00000000d5b80000)
  object space 87552K, 27% used [0x0000000081200000,0x0000000082949170,0x0000000086780000)
 Metaspace       used 19313K, capacity 19614K, committed 19968K, reserved 1069056K
  class space    used 2412K, capacity 2517K, committed 2560K, reserved 1048576K

Card table byte_map: [0x00000000119d0000,0x0000000011dd0000] byte_map_base: 0x00000000115c7000

Marking Bits: (ParMarkBitMap*) 0x000000006e4bd850
 Begin Bits: [0x0000000012480000, 0x0000000014438000)
 End Bits:   [0x0000000014438000, 0x00000000163f0000)

Polling page: 0x0000000002350000

CodeCache: size=245760Kb used=6959Kb max_used=6959Kb free=238800Kb
 bounds [0x0000000002610000, 0x0000000002ce0000, 0x0000000011610000]
 total_blobs=2463 nmethods=1990 adapters=385
 compilation: enabled

Compilation events (10 events):
Event: 4.345 Thread 0x0000000017199000 2022       2       com.sun.proxy.$Proxy24::<init> (6 bytes)
Event: 4.345 Thread 0x0000000017199000 nmethod 2022 0x0000000002cdcf10 code [0x0000000002cdd080, 0x0000000002cdd2a8]
Event: 4.346 Thread 0x0000000017199000 2023   !   2       sun.reflect.GeneratedConstructorAccessor18::newInstance (53 bytes)
Event: 4.346 Thread 0x0000000017199000 nmethod 2023 0x0000000002cdd3d0 code [0x0000000002cdd5a0, 0x0000000002cddb08]
Event: 4.346 Thread 0x0000000017199000 2024   !   2       sun.reflect.GeneratedConstructorAccessor19::newInstance (53 bytes)
Event: 4.347 Thread 0x0000000017199000 nmethod 2024 0x0000000002cddfd0 code [0x0000000002cde1a0, 0x0000000002cde708]
Event: 4.360 Thread 0x0000000017199000 2025   !   2       com.sun.proxy.$Proxy24::annotationType (29 bytes)
Event: 4.361 Thread 0x0000000017199000 nmethod 2025 0x0000000002cdebd0 code [0x0000000002cded60, 0x0000000002cdf018]
Event: 4.378 Thread 0x0000000017199000 2026       2       sun.reflect.generics.reflectiveObjects.GenericArrayTypeImpl::hashCode (8 bytes)
Event: 4.378 Thread 0x0000000017199000 nmethod 2026 0x0000000002cdf190 code [0x0000000002cdf300, 0x0000000002cdf488]

GC Heap History (10 events):
Event: 2.282 GC heap before
{Heap before GC invocations=3 (full 0):
 PSYoungGen      total 38400K, used 38393K [0x00000000d5b80000, 0x00000000d8600000, 0x0000000100000000)
  eden space 33280K, 100% used [0x00000000d5b80000,0x00000000d7c00000,0x00000000d7c00000)
  from space 5120K, 99% used [0x00000000d8100000,0x00000000d85fe480,0x00000000d8600000)
  to   space 5120K, 0% used [0x00000000d7c00000,0x00000000d7c00000,0x00000000d8100000)
 ParOldGen       total 87552K, used 996K [0x0000000081200000, 0x0000000086780000, 0x00000000d5b80000)
  object space 87552K, 1% used [0x0000000081200000,0x00000000812f92f8,0x0000000086780000)
 Metaspace       used 9214K, capacity 9330K, committed 9600K, reserved 1058816K
  class space    used 1072K, capacity 1111K, committed 1152K, reserved 1048576K
Event: 2.290 GC heap after
Heap after GC invocations=3 (full 0):
 PSYoungGen      total 38400K, used 5114K [0x00000000d5b80000, 0x00000000d8600000, 0x0000000100000000)
  eden space 33280K, 0% used [0x00000000d5b80000,0x00000000d5b80000,0x00000000d7c00000)
  from space 5120K, 99% used [0x00000000d7c00000,0x00000000d80fe9b0,0x00000000d8100000)
  to   space 5120K, 0% used [0x00000000d8100000,0x00000000d8100000,0x00000000d8600000)
 ParOldGen       total 87552K, used 4507K [0x0000000081200000, 0x0000000086780000, 0x00000000d5b80000)
  object space 87552K, 5% used [0x0000000081200000,0x0000000081666d80,0x0000000086780000)
 Metaspace       used 9214K, capacity 9330K, committed 9600K, reserved 1058816K
  class space    used 1072K, capacity 1111K, committed 1152K, reserved 1048576K
}
Event: 3.296 GC heap before
{Heap before GC invocations=4 (full 0):
 PSYoungGen      total 38400K, used 38394K [0x00000000d5b80000, 0x00000000d8600000, 0x0000000100000000)
  eden space 33280K, 100% used [0x00000000d5b80000,0x00000000d7c00000,0x00000000d7c00000)
  from space 5120K, 99% used [0x00000000d7c00000,0x00000000d80fe9b0,0x00000000d8100000)
  to   space 5120K, 0% used [0x00000000d8100000,0x00000000d8100000,0x00000000d8600000)
 ParOldGen       total 87552K, used 4507K [0x0000000081200000, 0x0000000086780000, 0x00000000d5b80000)
  object space 87552K, 5% used [0x0000000081200000,0x0000000081666d80,0x0000000086780000)
 Metaspace       used 14248K, capacity 14550K, committed 14720K, reserved 1062912K
  class space    used 1690K, capacity 1801K, committed 1920K, reserved 1048576K
Event: 3.306 GC heap after
Heap after GC invocations=4 (full 0):
 PSYoungGen      total 38400K, used 5105K [0x00000000d5b80000, 0x00000000d8600000, 0x0000000100000000)
  eden space 33280K, 0% used [0x00000000d5b80000,0x00000000d5b80000,0x00000000d7c00000)
  from space 5120K, 99% used [0x00000000d8100000,0x00000000d85fc688,0x00000000d8600000)
  to   space 5120K, 0% used [0x00000000d7c00000,0x00000000d7c00000,0x00000000d8100000)
 ParOldGen       total 87552K, used 8141K [0x0000000081200000, 0x0000000086780000, 0x00000000d5b80000)
  object space 87552K, 9% used [0x0000000081200000,0x00000000819f37f0,0x0000000086780000)
 Metaspace       used 14248K, capacity 14550K, committed 14720K, reserved 1062912K
  class space    used 1690K, capacity 1801K, committed 1920K, reserved 1048576K
}
Event: 3.535 GC heap before
{Heap before GC invocations=5 (full 0):
 PSYoungGen      total 38400K, used 38385K [0x00000000d5b80000, 0x00000000d8600000, 0x0000000100000000)
  eden space 33280K, 100% used [0x00000000d5b80000,0x00000000d7c00000,0x00000000d7c00000)
  from space 5120K, 99% used [0x00000000d8100000,0x00000000d85fc688,0x00000000d8600000)
  to   space 5120K, 0% used [0x00000000d7c00000,0x00000000d7c00000,0x00000000d8100000)
 ParOldGen       total 87552K, used 8141K [0x0000000081200000, 0x0000000086780000, 0x00000000d5b80000)
  object space 87552K, 9% used [0x0000000081200000,0x00000000819f37f0,0x0000000086780000)
 Metaspace       used 14971K, capacity 15246K, committed 15488K, reserved 1062912K
  class space    used 1788K, capacity 1901K, committed 1920K, reserved 1048576K
Event: 3.551 GC heap after
Heap after GC invocations=5 (full 0):
 PSYoungGen      total 38400K, used 5116K [0x00000000d5b80000, 0x00000000db880000, 0x0000000100000000)
  eden space 33280K, 0% used [0x00000000d5b80000,0x00000000d5b80000,0x00000000d7c00000)
  from space 5120K, 99% used [0x00000000d7c00000,0x00000000d80ff2c0,0x00000000d8100000)
  to   space 14336K, 0% used [0x00000000daa80000,0x00000000daa80000,0x00000000db880000)
 ParOldGen       total 87552K, used 15018K [0x0000000081200000, 0x0000000086780000, 0x00000000d5b80000)
  object space 87552K, 17% used [0x0000000081200000,0x00000000820aa840,0x0000000086780000)
 Metaspace       used 14971K, capacity 15246K, committed 15488K, reserved 1062912K
  class space    used 1788K, capacity 1901K, committed 1920K, reserved 1048576K
}
Event: 3.663 GC heap before
{Heap before GC invocations=6 (full 0):
 PSYoungGen      total 38400K, used 38396K [0x00000000d5b80000, 0x00000000db880000, 0x0000000100000000)
  eden space 33280K, 100% used [0x00000000d5b80000,0x00000000d7c00000,0x00000000d7c00000)
  from space 5120K, 99% used [0x00000000d7c00000,0x00000000d80ff2c0,0x00000000d8100000)
  to   space 14336K, 0% used [0x00000000daa80000,0x00000000daa80000,0x00000000db880000)
 ParOldGen       total 87552K, used 15018K [0x0000000081200000, 0x0000000086780000, 0x00000000d5b80000)
  object space 87552K, 17% used [0x0000000081200000,0x00000000820aa840,0x0000000086780000)
 Metaspace       used 15558K, capacity 15822K, committed 16128K, reserved 1062912K
  class space    used 1848K, capacity 1965K, committed 2048K, reserved 1048576K
Event: 3.695 GC heap after
Heap after GC invocations=6 (full 0):
 PSYoungGen      total 79872K, used 11564K [0x00000000d5b80000, 0x00000000dba80000, 0x0000000100000000)
  eden space 65536K, 0% used [0x00000000d5b80000,0x00000000d5b80000,0x00000000d9b80000)
  from space 14336K, 80% used [0x00000000daa80000,0x00000000db5cb2d0,0x00000000db880000)
  to   space 15360K, 0% used [0x00000000d9b80000,0x00000000d9b80000,0x00000000daa80000)
 ParOldGen       total 87552K, used 15018K [0x0000000081200000, 0x0000000086780000, 0x00000000d5b80000)
  object space 87552K, 17% used [0x0000000081200000,0x00000000820aa840,0x0000000086780000)
 Metaspace       used 15558K, capacity 15822K, committed 16128K, reserved 1062912K
  class space    used 1848K, capacity 1965K, committed 2048K, reserved 1048576K
}
Event: 4.097 GC heap before
{Heap before GC invocations=7 (full 0):
 PSYoungGen      total 79872K, used 77100K [0x00000000d5b80000, 0x00000000dba80000, 0x0000000100000000)
  eden space 65536K, 100% used [0x00000000d5b80000,0x00000000d9b80000,0x00000000d9b80000)
  from space 14336K, 80% used [0x00000000daa80000,0x00000000db5cb2d0,0x00000000db880000)
  to   space 15360K, 0% used [0x00000000d9b80000,0x00000000d9b80000,0x00000000daa80000)
 ParOldGen       total 87552K, used 15018K [0x0000000081200000, 0x0000000086780000, 0x00000000d5b80000)
  object space 87552K, 17% used [0x0000000081200000,0x00000000820aa840,0x0000000086780000)
 Metaspace       used 18692K, capacity 18932K, committed 19072K, reserved 1067008K
  class space    used 2302K, capacity 2382K, committed 2432K, reserved 1048576K
Event: 4.157 GC heap after
Heap after GC invocations=7 (full 0):
 PSYoungGen      total 80896K, used 15328K [0x00000000d5b80000, 0x00000000dba80000, 0x0000000100000000)
  eden space 65536K, 0% used [0x00000000d5b80000,0x00000000d5b80000,0x00000000d9b80000)
  from space 15360K, 99% used [0x00000000d9b80000,0x00000000daa78010,0x00000000daa80000)
  to   space 14336K, 0% used [0x00000000daa80000,0x00000000daa80000,0x00000000db880000)
 ParOldGen       total 87552K, used 23844K [0x0000000081200000, 0x0000000086780000, 0x00000000d5b80000)
  object space 87552K, 27% used [0x0000000081200000,0x0000000082949170,0x0000000086780000)
 Metaspace       used 18692K, capacity 18932K, committed 19072K, reserved 1067008K
  class space    used 2302K, capacity 2382K, committed 2432K, reserved 1048576K
}

Deoptimization events (10 events):
Event: 2.874 Thread 0x0000000002514000 Uncommon trap: reason=class_check action=maybe_recompile pc=0x000000000293ed64 method=java.util.jar.JarFile.getJarEntry(Ljava/lang/String;)Ljava/util/jar/JarEntry; @ 2
Event: 2.874 Thread 0x0000000002514000 Uncommon trap: reason=class_check action=maybe_recompile pc=0x000000000293ed64 method=java.util.jar.JarFile.getJarEntry(Ljava/lang/String;)Ljava/util/jar/JarEntry; @ 2
Event: 2.874 Thread 0x0000000002514000 Uncommon trap: reason=class_check action=maybe_recompile pc=0x000000000293ed64 method=java.util.jar.JarFile.getJarEntry(Ljava/lang/String;)Ljava/util/jar/JarEntry; @ 2
Event: 2.960 Thread 0x0000000002514000 Uncommon trap: reason=unstable_if action=reinterpret pc=0x00000000029562a0 method=java.net.URI.match(CJJ)Z @ 45
Event: 3.201 Thread 0x0000000002514000 Uncommon trap: reason=class_check action=maybe_recompile pc=0x0000000002ba5bc4 method=java.util.regex.Matcher.search(I)Z @ 86
Event: 3.763 Thread 0x0000000002514000 Uncommon trap: reason=bimorphic action=maybe_recompile pc=0x0000000002bb4774 method=java.util.Collections$UnmodifiableCollection.contains(Ljava/lang/Object;)Z @ 5
Event: 3.768 Thread 0x0000000002514000 Uncommon trap: reason=unstable_if action=reinterpret pc=0x0000000002c8dbf8 method=java.util.HashMap.removeNode(ILjava/lang/Object;Ljava/lang/Object;ZZ)Ljava/util/HashMap$Node; @ 7
Event: 3.796 Thread 0x0000000002514000 Uncommon trap: reason=bimorphic action=maybe_recompile pc=0x0000000002bb4774 method=java.util.Collections$UnmodifiableCollection.contains(Ljava/lang/Object;)Z @ 5
Event: 3.802 Thread 0x0000000002514000 Uncommon trap: reason=bimorphic action=maybe_recompile pc=0x0000000002bb4774 method=java.util.Collections$UnmodifiableCollection.contains(Ljava/lang/Object;)Z @ 5
Event: 3.807 Thread 0x0000000002514000 Uncommon trap: reason=bimorphic action=maybe_recompile pc=0x0000000002bb4774 method=java.util.Collections$UnmodifiableCollection.contains(Ljava/lang/Object;)Z @ 5

Internal exceptions (10 events):
Event: 1.941 Thread 0x0000000002514000 Exception <a 'java/security/PrivilegedActionException'> (0x00000000d7239a60) thrown at [C:\re\workspace\8-2-build-windows-amd64-cygwin\jdk8u144\9417\hotspot\src\share\vm\prims\jvm.cpp, line 1390]
Event: 1.942 Thread 0x0000000002514000 Exception <a 'java/security/PrivilegedActionException'> (0x00000000d7241730) thrown at [C:\re\workspace\8-2-build-windows-amd64-cygwin\jdk8u144\9417\hotspot\src\share\vm\prims\jvm.cpp, line 1390]
Event: 1.942 Thread 0x0000000002514000 Exception <a 'java/security/PrivilegedActionException'> (0x00000000d7241d10) thrown at [C:\re\workspace\8-2-build-windows-amd64-cygwin\jdk8u144\9417\hotspot\src\share\vm\prims\jvm.cpp, line 1390]
Event: 1.942 Thread 0x0000000002514000 Exception <a 'java/security/PrivilegedActionException'> (0x00000000d724fa90) thrown at [C:\re\workspace\8-2-build-windows-amd64-cygwin\jdk8u144\9417\hotspot\src\share\vm\prims\jvm.cpp, line 1390]
Event: 1.942 Thread 0x0000000002514000 Exception <a 'java/security/PrivilegedActionException'> (0x00000000d7250070) thrown at [C:\re\workspace\8-2-build-windows-amd64-cygwin\jdk8u144\9417\hotspot\src\share\vm\prims\jvm.cpp, line 1390]
Event: 1.942 Thread 0x0000000002514000 Exception <a 'java/security/PrivilegedActionException'> (0x00000000d72586e8) thrown at [C:\re\workspace\8-2-build-windows-amd64-cygwin\jdk8u144\9417\hotspot\src\share\vm\prims\jvm.cpp, line 1390]
Event: 1.942 Thread 0x0000000002514000 Exception <a 'java/security/PrivilegedActionException'> (0x00000000d7258cc8) thrown at [C:\re\workspace\8-2-build-windows-amd64-cygwin\jdk8u144\9417\hotspot\src\share\vm\prims\jvm.cpp, line 1390]
Event: 2.932 Thread 0x0000000002514000 Exception <a 'java/lang/NoSuchFieldError': method resolution failed> (0x00000000d6e2a1a0) thrown at [C:\re\workspace\8-2-build-windows-amd64-cygwin\jdk8u144\9417\hotspot\src\share\vm\prims\methodHandles.cpp, line 1146]
Event: 2.934 Thread 0x0000000002514000 Exception <a 'java/lang/NoSuchFieldError': method resolution failed> (0x00000000d6e38030) thrown at [C:\re\workspace\8-2-build-windows-amd64-cygwin\jdk8u144\9417\hotspot\src\share\vm\prims\methodHandles.cpp, line 1146]
Event: 3.768 Thread 0x0000000002514000 Implicit null exception at 0x0000000002c8c26c to 0x0000000002c8dbe5

Events (10 events):
Event: 4.409 loading class com/sun/corba/ee/impl/protocol/giopmsgheaders/LocateRequestMessage_1_1
Event: 4.409 loading class com/sun/corba/ee/impl/protocol/giopmsgheaders/LocateRequestMessage_1_1 done
Event: 4.410 loading class com/sun/corba/ee/impl/protocol/giopmsgheaders/CancelRequestMessage
Event: 4.410 loading class com/sun/corba/ee/impl/protocol/giopmsgheaders/CancelRequestMessage done
Event: 4.410 loading class com/sun/corba/ee/impl/protocol/giopmsgheaders/FragmentMessage_1_2
Event: 4.410 loading class com/sun/corba/ee/impl/protocol/giopmsgheaders/FragmentMessage_1_2 done
Event: 4.411 loading class com/sun/corba/ee/impl/protocol/giopmsgheaders/FragmentMessage_1_1
Event: 4.411 loading class com/sun/corba/ee/impl/protocol/giopmsgheaders/FragmentMessage_1_1 done
Event: 4.412 loading class com/sun/corba/ee/impl/protocol/giopmsgheaders/LocateReplyMessage_1_2
Event: 4.412 loading class com/sun/corba/ee/impl/protocol/giopmsgheaders/LocateReplyMessage_1_2 done


Dynamic libraries:
0x00007ff6c9110000 - 0x00007ff6c9147000 	C:\Program Files\Java\jdk1.8.0_144\bin\java.exe
0x00007ff8785a0000 - 0x00007ff878772000 	C:\WINDOWS\SYSTEM32\ntdll.dll
0x00007ff8770b0000 - 0x00007ff87715c000 	C:\WINDOWS\System32\KERNEL32.DLL
0x00007ff874df0000 - 0x00007ff87500d000 	C:\WINDOWS\System32\KERNELBASE.dll
0x000000006e8e0000 - 0x000000006e993000 	C:\Program Files\Bitdefender\Endpoint Security\Signatures\AVC\AVC3_00634_069\avcuf64.dll
0x00007ff877160000 - 0x00007ff877202000 	C:\WINDOWS\System32\ADVAPI32.dll
0x00007ff878470000 - 0x00007ff87850e000 	C:\WINDOWS\System32\msvcrt.dll
0x00007ff877db0000 - 0x00007ff877e09000 	C:\WINDOWS\System32\sechost.dll
0x00007ff8782c0000 - 0x00007ff8783e1000 	C:\WINDOWS\System32\RPCRT4.dll
0x00007ff877e70000 - 0x00007ff877fd5000 	C:\WINDOWS\System32\USER32.dll
0x00007ff874aa0000 - 0x00007ff874abe000 	C:\WINDOWS\System32\win32u.dll
0x00007ff875b30000 - 0x00007ff875b64000 	C:\WINDOWS\System32\GDI32.dll
0x00007ff8758b0000 - 0x00007ff875a30000 	C:\WINDOWS\System32\gdi32full.dll
0x00007ff86b870000 - 0x00007ff86baea000 	C:\WINDOWS\WinSxS\amd64_microsoft.windows.common-controls_6595b64144ccf1df_6.0.14393.953_none_42151e83c686086b\COMCTL32.dll
0x00007ff877210000 - 0x00007ff8774d8000 	C:\WINDOWS\System32\combase.dll
0x00007ff874b20000 - 0x00007ff874c15000 	C:\WINDOWS\System32\ucrtbase.dll
0x00007ff8756f0000 - 0x00007ff87575a000 	C:\WINDOWS\System32\bcryptPrimitives.dll
0x00007ff877080000 - 0x00007ff8770ae000 	C:\WINDOWS\System32\IMM32.DLL
0x000000006dbc0000 - 0x000000006dc92000 	C:\Program Files\Java\jdk1.8.0_144\jre\bin\msvcr100.dll
0x000000006dca0000 - 0x000000006e53d000 	C:\Program Files\Java\jdk1.8.0_144\jre\bin\server\jvm.dll
0x00007ff878510000 - 0x00007ff878518000 	C:\WINDOWS\System32\PSAPI.DLL
0x00007ff871f90000 - 0x00007ff871f99000 	C:\WINDOWS\SYSTEM32\WSOCK32.dll
0x00007ff878250000 - 0x00007ff8782ba000 	C:\WINDOWS\System32\WS2_32.dll
0x00007ff872800000 - 0x00007ff872823000 	C:\WINDOWS\SYSTEM32\WINMM.dll
0x00007ff869c90000 - 0x00007ff869c9a000 	C:\WINDOWS\SYSTEM32\VERSION.dll
0x00007ff8726c0000 - 0x00007ff8726eb000 	C:\WINDOWS\SYSTEM32\WINMMBASE.dll
0x00007ff875a30000 - 0x00007ff875a72000 	C:\WINDOWS\System32\cfgmgr32.dll
0x000000006db70000 - 0x000000006db7f000 	C:\Program Files\Java\jdk1.8.0_144\jre\bin\verify.dll
0x000000006db40000 - 0x000000006db69000 	C:\Program Files\Java\jdk1.8.0_144\jre\bin\java.dll
0x000000006db20000 - 0x000000006db36000 	C:\Program Files\Java\jdk1.8.0_144\jre\bin\zip.dll
0x00007ff875b70000 - 0x00007ff877078000 	C:\WINDOWS\System32\SHELL32.dll
0x00007ff875010000 - 0x00007ff8756e8000 	C:\WINDOWS\System32\windows.storage.dll
0x00007ff874a50000 - 0x00007ff874a9c000 	C:\WINDOWS\System32\powrprof.dll
0x00007ff877cb0000 - 0x00007ff877d02000 	C:\WINDOWS\System32\shlwapi.dll
0x00007ff874a40000 - 0x00007ff874a4f000 	C:\WINDOWS\System32\kernel.appcore.dll
0x00007ff875800000 - 0x00007ff8758a9000 	C:\WINDOWS\System32\shcore.dll
0x00007ff874a10000 - 0x00007ff874a24000 	C:\WINDOWS\System32\profapi.dll
0x000000006db00000 - 0x000000006db1a000 	C:\Program Files\Java\jdk1.8.0_144\jre\bin\net.dll
0x00007ff8742e0000 - 0x00007ff87433c000 	C:\WINDOWS\system32\mswsock.dll
0x00007ff861cf0000 - 0x00007ff861d06000 	C:\WINDOWS\system32\napinsp.dll
0x00007ff8617a0000 - 0x00007ff8617ba000 	C:\WINDOWS\system32\pnrpnsp.dll
0x00007ff872e00000 - 0x00007ff872e18000 	C:\WINDOWS\system32\NLAapi.dll
0x00007ff8740a0000 - 0x00007ff874141000 	C:\WINDOWS\SYSTEM32\DNSAPI.dll
0x00007ff8783f0000 - 0x00007ff8783f8000 	C:\WINDOWS\System32\NSI.dll
0x00007ff874060000 - 0x00007ff874098000 	C:\WINDOWS\SYSTEM32\IPHLPAPI.DLL
0x00007ff8614c0000 - 0x00007ff8614ce000 	C:\WINDOWS\System32\winrnr.dll
0x00007ff8613d0000 - 0x00007ff8613e5000 	C:\WINDOWS\System32\wshbth.dll
0x000000001a8d0000 - 0x000000001a8f6000 	C:\Program Files\Bonjour\mdnsNSP.dll
0x00007ff8657b0000 - 0x00007ff8657ba000 	C:\Windows\System32\rasadhlp.dll
0x00007ff86a440000 - 0x00007ff86a4aa000 	C:\WINDOWS\System32\fwpuclnt.dll
0x00007ff874960000 - 0x00007ff87498b000 	C:\WINDOWS\SYSTEM32\bcrypt.dll
0x000000006da40000 - 0x000000006da64000 	C:\Program Files\Java\jdk1.8.0_144\jre\bin\sunec.dll
0x00007ff86fc40000 - 0x00007ff86fc56000 	C:\WINDOWS\SYSTEM32\dhcpcsvc6.DLL
0x00007ff86fcf0000 - 0x00007ff86fd0a000 	C:\WINDOWS\SYSTEM32\dhcpcsvc.DLL
0x000000006dae0000 - 0x000000006daf1000 	C:\Program Files\Java\jdk1.8.0_144\jre\bin\nio.dll
0x00007ff874480000 - 0x00007ff874497000 	C:\WINDOWS\SYSTEM32\CRYPTSP.dll
0x00007ff873ee0000 - 0x00007ff873f13000 	C:\WINDOWS\system32\rsaenh.dll
0x00007ff874160000 - 0x00007ff87417f000 	C:\WINDOWS\SYSTEM32\USERENV.dll
0x00007ff8744a0000 - 0x00007ff8744ab000 	C:\WINDOWS\SYSTEM32\CRYPTBASE.dll
0x000000006dad0000 - 0x000000006dadd000 	C:\Program Files\Java\jdk1.8.0_144\jre\bin\management.dll

VM Arguments:
jvm_args: -ea -Xbootclasspath/p:C:\Program Files (x86)\NetBeans 8.2\enterprise\modules\ext\javaee6-endorsed\javax.annotation.jar;C:\Program Files (x86)\NetBeans 8.2\enterprise\modules\ext\javaee6-endorsed\jaxb-api-osgi.jar;C:\Program Files (x86)\NetBeans 8.2\enterprise\modules\ext\javaee6-endorsed\webservices-api-osgi.jar 
java_command: org.apache.tools.ant.taskdefs.optional.junit.JUnitTestRunner com.losalpes.servicios.PersistenciaBMTTest methods=testInsertar skipNonTests=false filtertrace=true haltOnError=false haltOnFailure=false showoutput=true outputtoformatters=true logfailedtests=true threadid=0 logtestlistenerevents=true formatter=org.apache.tools.ant.taskdefs.optional.junit.BriefJUnitResultFormatter formatter=org.apache.tools.ant.taskdefs.optional.junit.XMLJUnitResultFormatter,C:\Users\JUANPA~1\AppData\Local\Temp\TEST-com.losalpes.servicios.PersistenciaBMTTest.xml crashfile=C:\Users\Juan Paz\Documents\Personales\ECOS\Desarrollo basado en componentes\Ejercicios\Lab5JTA\Lab3-MueblesDeLosAlpes-ejb\build\junitvmwatcher2164656321283618008.properties propsfile=C:\Users\Juan Paz\Documents\Personales\ECOS\Desarrollo basado en componentes\Ejercicios\Lab5JTA\Lab3-MueblesDeLosAlpes-ejb\build\junit5975070435885994544.properties
java_class_path (initial): C:\Users\Juan Paz\Documents\Personales\ECOS\Desarrollo basado en componentes\Ejercicios\Lab5JTA\Lab3-MueblesDeLosAlpes-ejb\build\classes;C:\Program Files (x86)\NetBeans 8.2\platform\modules\ext\junit-4.12.jar;C:\Program Files (x86)\NetBeans 8.2\platform\modules\ext\hamcrest-core-1.3.jar;C:\Users\Juan Paz\Documents\Personales\ECOS\Desarrollo basado en componentes\Ejercicios\Lab5JTA\Lab3-MueblesDeLosAlpes-ejb\build\test\classes;C:\Program Files (x86)\glassfish-4.1.1\glassfish\modules\endorsed\javax.annotation-api.jar;C:\Program Files (x86)\glassfish-4.1.1\glassfish\modules\endorsed\jaxb-api.jar;C:\Program Files (x86)\glassfish-4.1.1\glassfish\modules\endorsed\webservices-api-osgi.jar;C:\Program Files (x86)\glassfish-4.1.1\glassfish\modules\bean-validator.jar;C:\Program Files (x86)\glassfish-4.1.1\glassfish\modules\cdi-api.jar;C:\Program Files (x86)\glassfish-4.1.1\glassfish\modules\javax.batch-api.jar;C:\Program Files (x86)\glassfish-4.1.1\glassfish\modules\javax.ejb-api.jar;C:\Program Files (x86)\glassfish-4.1.1\glassfish\modules\javax.el.jar;C:\Program Files (x86)\glassfish-4.1.1\glassfish\modules\javax.enterprise.concurrent-api.jar;C:\Program Files (x86)\glassfish-4.1.1\glassfish\modules\javax.enterprise.concurrent.jar;C:\Program Files (x86)\glassfish-4.1.1\glassfish\modules\javax.enterprise.deploy-api.jar;C:\Program Files (x86)\glassfish-4.1.1\glassfish\modules\javax.faces.jar;C:\Program Files (x86)\glassfish-4.1.1\glassfish\modules\javax.inject.jar;C:\Program Files (x86)\glassfish-4.1.1\glassfish\modules\javax.interceptor-api.jar;C:\Program Files (x86)\glassfish-4.1.1\glassfish\modules\javax.jms-api.jar;C:\Program Files (x86)\glassfish-4.1.1\glassfish\modules\javax.json.jar;C:\Program Files (x86)\glassfish-4.1.1\glassfish\modules\javax.mail.jar;C:\Program Files (x86)\glassfish-4.1.1\glassfish\modules\javax.management.j2ee-api.jar;C:\Program Files (x86)\glassfish-4.1.1\glassfish\modules\javax.persistence.jar;C:\Program Files (x86)\glas
Launcher Type: SUN_STANDARD

Environment Variables:
JAVA_HOME=C:\Program Files (x86)\Java\jdk1.8.0_121
PATH=C:\oraclexe\app\oracle\product\11.2.0\server\bin;;C:\Program Files\Broadcom\Broadcom 802.11 Network Adapter;C:\Program Files (x86)\Intel\iCLS Client\;C:\Program Files\Intel\iCLS Client\;C:\WINDOWS\system32;C:\WINDOWS;C:\WINDOWS\System32\Wbem;C:\WINDOWS\System32\WindowsPowerShell\v1.0\;C:\Program Files (x86)\Intel\Intel(R) Management Engine Components\DAL;C:\Program Files\Intel\Intel(R) Management Engine Components\DAL;C:\Program Files (x86)\Intel\Intel(R) Management Engine Components\IPT;C:\Program Files\Intel\Intel(R) Management Engine Components\IPT;C:\Program Files\Git\cmd;C:\xampp\php;C:\ProgramData\ComposerSetup\bin;C:\Program Files (x86)\Skype\Phone\;C:\Users\Juan Paz\AppData\Roaming\Composer\vendor\bin;C:\Program Files\nodejs\;C:\Program Files\Redis\;C:\Program Files (x86)\Java\jdk1.8.0_121\bin;C:\Program Files (x86)\Cupi2\ant\bin\;C:\Program Files (x86)\PuTTY\;C:\xampp;C:\Program Files (x86)\Google\Cloud SDK\google-cloud-sdk\bin;C:\Users\Juan Paz\Documents\Personales\Pro JAVA\Spring CLI\bin;C:\Ruby23\bin;C:\Android\sdk\platform-tools;C:\Android\sdk\platforms;C:\Program Files\Java\jdk1.7.0_79\bin;C:\Users\Juan Paz\AppData\Local\Microsoft\WindowsApps;C:\Program Files (x86)\Microsoft VS Code\bin;C:\Program Files (x86)\Java\apache-maven-3.3.9\bin;C:\Program Files\Heroku\bin;C:\Program Files (x86)\Java\spring-1.1.4.RELEASE\bin
USERNAME=Juan Paz
OS=Windows_NT
PROCESSOR_IDENTIFIER=Intel64 Family 6 Model 61 Stepping 4, GenuineIntel



---------------  S Y S T E M  ---------------

OS: Windows 10.0 , 64 bit Build 14393 (10.0.14393.1198)

CPU:total 4 (initial active 4) (2 cores per cpu, 2 threads per core) family 6 model 61 stepping 4, cmov, cx8, fxsr, mmx, sse, sse2, sse3, ssse3, sse4.1, sse4.2, popcnt, avx, avx2, aes, clmul, erms, 3dnowpref, lzcnt, ht, tsc, tscinvbit, bmi1, bmi2, adx

Memory: 4k page, physical 8309004k(1177200k free), swap 8309004k(4584k free)

vm_info: Java HotSpot(TM) 64-Bit Server VM (25.144-b01) for windows-amd64 JRE (1.8.0_144-b01), built on Jul 21 2017 21:57:33 by "java_re" with MS VC++ 10.0 (VS2010)

time: Sun Nov 12 21:36:44 2017
elapsed time: 4 seconds (0d 0h 0m 4s)

