#
# There is insufficient memory for the Java Runtime Environment to continue.
# Native memory allocation (malloc) failed to allocate 32744 bytes for ChunkPool::allocate
# Possible reasons:
#   The system is out of physical RAM or swap space
#   In 32 bit mode, the process size limit was hit
# Possible solutions:
#   Reduce memory load on the system
#   Increase physical memory or swap space
#   Check if swap backing store is full
#   Use 64 bit Java on a 64 bit OS
#   Decrease Java heap size (-Xmx/-Xms)
#   Decrease number of Java threads
#   Decrease Java thread stack sizes (-Xss)
#   Set larger code cache with -XX:ReservedCodeCacheSize=
# This output file may be truncated or incomplete.
#
#  Out of Memory Error (allocation.cpp:273), pid=12836, tid=0x0000000000001948
#
# JRE version: Java(TM) SE Runtime Environment (8.0_144-b01) (build 1.8.0_144-b01)
# Java VM: Java HotSpot(TM) 64-Bit Server VM (25.144-b01 mixed mode windows-amd64 compressed oops)
# Failed to write core dump. Minidumps are not enabled by default on client versions of Windows
#

---------------  T H R E A D  ---------------

Current thread (0x0000000002b24000):  JavaThread "main" [_thread_in_vm, id=6472, stack(0x00000000029b0000,0x0000000002ab0000)]

Stack: [0x00000000029b0000,0x0000000002ab0000]
[error occurred during error reporting (printing stack bounds), id 0xc0000005]

Native frames: (J=compiled Java code, j=interpreted, Vv=VM code, C=native code)

Java frames: (J=compiled Java code, j=interpreted, Vv=VM code)
v  blob 0x0000000002cd57ba
J 932 C2 sun.reflect.generics.parser.SignatureParser.current()C (40 bytes) @ 0x000000000309bd9c [0x000000000309bce0+0xbc]
J 1834 C1 sun.reflect.generics.parser.SignatureParser.parseZeroOrMoreThrowsSignatures()[Lsun/reflect/generics/tree/FieldTypeSignature; (51 bytes) @ 0x000000000332a56c [0x000000000332a460+0x10c]
J 1803 C1 sun.reflect.generics.parser.SignatureParser.parseMethodTypeSignature()Lsun/reflect/generics/tree/MethodTypeSignature; (41 bytes) @ 0x00000000033135c4 [0x0000000003313240+0x384]
J 1692 C1 java.lang.reflect.Method.getGenericInfo()Lsun/reflect/generics/repository/MethodRepository; (27 bytes) @ 0x00000000032cad24 [0x00000000032ca380+0x9a4]
J 1769 C1 org.glassfish.gmbal.typelib.TypeEvaluator$TypeEvaluationVisitor.visitMethodDeclaration(Lorg/glassfish/gmbal/typelib/EvaluatedClassDeclaration;Ljava/lang/reflect/Method;)Lorg/glassfish/gmbal/typelib/EvaluatedMethodDeclaration; (105 bytes) @ 0x00000000032f609c [0x00000000032f5d40+0x35c]
J 1738 C1 org.glassfish.gmbal.typelib.TypeEvaluator$TypeEvaluationVisitor$4.evaluate(Ljava/lang/Object;)Ljava/lang/Object; (9 bytes) @ 0x00000000032e4bcc [0x00000000032e49a0+0x22c]
J 1734 C1 org.glassfish.pfl.basic.algorithm.Algorithms.map(Ljava/util/Collection;Ljava/util/Collection;Lorg/glassfish/pfl/basic/func/UnaryFunction;)V (52 bytes) @ 0x00000000032e282c [0x00000000032e25c0+0x26c]
J 1873 C1 org.glassfish.gmbal.typelib.TypeEvaluator$TypeEvaluationVisitor.processClass(Lorg/glassfish/gmbal/typelib/EvaluatedClassDeclaration;Ljava/util/Map;Ljava/lang/Class;)V (145 bytes) @ 0x000000000334acdc [0x0000000003349240+0x1a9c]
J 1744 C1 org.glassfish.gmbal.typelib.TypeEvaluator$TypeEvaluationVisitor.getCorrectDeclaration(Lorg/glassfish/gmbal/typelib/TypeEvaluator$TypeEvaluationVisitor$OrderedResult;Ljava/lang/Class;Lorg/glassfish/gmbal/typelib/EvaluatedClassDeclaration;)Lorg/glassfish/gmbal/typelib/EvaluatedType; (113 bytes) @ 0x00000000032e9b9c [0x00000000032e9400+0x79c]
J 1789 C1 org.glassfish.gmbal.typelib.TypeEvaluator$TypeEvaluationVisitor.visitParameterizedType(Ljava/lang/reflect/ParameterizedType;)Lorg/glassfish/gmbal/typelib/EvaluatedType; (92 bytes) @ 0x000000000330ca94 [0x000000000330c1e0+0x8b4]
J 1690 C1 org.glassfish.gmbal.typelib.TypeEvaluator$TypeEvaluationVisitor.evaluateType(Ljava/lang/Object;)Lorg/glassfish/gmbal/typelib/EvaluatedType; (145 bytes) @ 0x00000000032c93bc [0x00000000032c8500+0xebc]
J 1769 C1 org.glassfish.gmbal.typelib.TypeEvaluator$TypeEvaluationVisitor.visitMethodDeclaration(Lorg/glassfish/gmbal/typelib/EvaluatedClassDeclaration;Ljava/lang/reflect/Method;)Lorg/glassfish/gmbal/typelib/EvaluatedMethodDeclaration; (105 bytes) @ 0x00000000032f73dc [0x00000000032f5d40+0x169c]
J 1738 C1 org.glassfish.gmbal.typelib.TypeEvaluator$TypeEvaluationVisitor$4.evaluate(Ljava/lang/Object;)Ljava/lang/Object; (9 bytes) @ 0x00000000032e4bcc [0x00000000032e49a0+0x22c]
J 1734 C1 org.glassfish.pfl.basic.algorithm.Algorithms.map(Ljava/util/Collection;Ljava/util/Collection;Lorg/glassfish/pfl/basic/func/UnaryFunction;)V (52 bytes) @ 0x00000000032e282c [0x00000000032e25c0+0x26c]
J 1873 C1 org.glassfish.gmbal.typelib.TypeEvaluator$TypeEvaluationVisitor.processClass(Lorg/glassfish/gmbal/typelib/EvaluatedClassDeclaration;Ljava/util/Map;Ljava/lang/Class;)V (145 bytes) @ 0x000000000334acdc [0x0000000003349240+0x1a9c]
J 1744 C1 org.glassfish.gmbal.typelib.TypeEvaluator$TypeEvaluationVisitor.getCorrectDeclaration(Lorg/glassfish/gmbal/typelib/TypeEvaluator$TypeEvaluationVisitor$OrderedResult;Ljava/lang/Class;Lorg/glassfish/gmbal/typelib/EvaluatedClassDeclaration;)Lorg/glassfish/gmbal/typelib/EvaluatedType; (113 bytes) @ 0x00000000032e9b9c [0x00000000032e9400+0x79c]
J 1789 C1 org.glassfish.gmbal.typelib.TypeEvaluator$TypeEvaluationVisitor.visitParameterizedType(Ljava/lang/reflect/ParameterizedType;)Lorg/glassfish/gmbal/typelib/EvaluatedType; (92 bytes) @ 0x000000000330ca94 [0x000000000330c1e0+0x8b4]
J 1690 C1 org.glassfish.gmbal.typelib.TypeEvaluator$TypeEvaluationVisitor.evaluateType(Ljava/lang/Object;)Lorg/glassfish/gmbal/typelib/EvaluatedType; (145 bytes) @ 0x00000000032c93bc [0x00000000032c8500+0xebc]
J 1817 C1 org.glassfish.gmbal.typelib.TypeEvaluator$TypeEvaluationVisitor$2.evaluate(Ljava/lang/Object;)Ljava/lang/Object; (9 bytes) @ 0x000000000331eb5c [0x000000000331e960+0x1fc]
J 1734 C1 org.glassfish.pfl.basic.algorithm.Algorithms.map(Ljava/util/Collection;Ljava/util/Collection;Lorg/glassfish/pfl/basic/func/UnaryFunction;)V (52 bytes) @ 0x00000000032e282c [0x00000000032e25c0+0x26c]
J 1873 C1 org.glassfish.gmbal.typelib.TypeEvaluator$TypeEvaluationVisitor.processClass(Lorg/glassfish/gmbal/typelib/EvaluatedClassDeclaration;Ljava/util/Map;Ljava/lang/Class;)V (145 bytes) @ 0x000000000334985c [0x0000000003349240+0x61c]
J 1744 C1 org.glassfish.gmbal.typelib.TypeEvaluator$TypeEvaluationVisitor.getCorrectDeclaration(Lorg/glassfish/gmbal/typelib/TypeEvaluator$TypeEvaluationVisitor$OrderedResult;Ljava/lang/Class;Lorg/glassfish/gmbal/typelib/EvaluatedClassDeclaration;)Lorg/glassfish/gmbal/typelib/EvaluatedType; (113 bytes) @ 0x00000000032e9b9c [0x00000000032e9400+0x79c]
J 1789 C1 org.glassfish.gmbal.typelib.TypeEvaluator$TypeEvaluationVisitor.visitParameterizedType(Ljava/lang/reflect/ParameterizedType;)Lorg/glassfish/gmbal/typelib/EvaluatedType; (92 bytes) @ 0x000000000330ca94 [0x000000000330c1e0+0x8b4]
J 1690 C1 org.glassfish.gmbal.typelib.TypeEvaluator$TypeEvaluationVisitor.evaluateType(Ljava/lang/Object;)Lorg/glassfish/gmbal/typelib/EvaluatedType; (145 bytes) @ 0x00000000032c93bc [0x00000000032c8500+0xebc]
J 1769 C1 org.glassfish.gmbal.typelib.TypeEvaluator$TypeEvaluationVisitor.visitMethodDeclaration(Lorg/glassfish/gmbal/typelib/EvaluatedClassDeclaration;Ljava/lang/reflect/Method;)Lorg/glassfish/gmbal/typelib/EvaluatedMethodDeclaration; (105 bytes) @ 0x00000000032f73dc [0x00000000032f5d40+0x169c]
J 1738 C1 org.glassfish.gmbal.typelib.TypeEvaluator$TypeEvaluationVisitor$4.evaluate(Ljava/lang/Object;)Ljava/lang/Object; (9 bytes) @ 0x00000000032e4bcc [0x00000000032e49a0+0x22c]
J 1734 C1 org.glassfish.pfl.basic.algorithm.Algorithms.map(Ljava/util/Collection;Ljava/util/Collection;Lorg/glassfish/pfl/basic/func/UnaryFunction;)V (52 bytes) @ 0x00000000032e282c [0x00000000032e25c0+0x26c]
J 1873 C1 org.glassfish.gmbal.typelib.TypeEvaluator$TypeEvaluationVisitor.processClass(Lorg/glassfish/gmbal/typelib/EvaluatedClassDeclaration;Ljava/util/Map;Ljava/lang/Class;)V (145 bytes) @ 0x000000000334acdc [0x0000000003349240+0x1a9c]
J 1744 C1 org.glassfish.gmbal.typelib.TypeEvaluator$TypeEvaluationVisitor.getCorrectDeclaration(Lorg/glassfish/gmbal/typelib/TypeEvaluator$TypeEvaluationVisitor$OrderedResult;Ljava/lang/Class;Lorg/glassfish/gmbal/typelib/EvaluatedClassDeclaration;)Lorg/glassfish/gmbal/typelib/EvaluatedType; (113 bytes) @ 0x00000000032e9b9c [0x00000000032e9400+0x79c]
J 1755 C1 org.glassfish.gmbal.typelib.TypeEvaluator$TypeEvaluationVisitor.visitClassDeclaration(Ljava/lang/Class;)Lorg/glassfish/gmbal/typelib/EvaluatedType; (133 bytes) @ 0x00000000032efb04 [0x00000000032ef2e0+0x824]
J 1690 C1 org.glassfish.gmbal.typelib.TypeEvaluator$TypeEvaluationVisitor.evaluateType(Ljava/lang/Object;)Lorg/glassfish/gmbal/typelib/EvaluatedType; (145 bytes) @ 0x00000000032c94ec [0x00000000032c8500+0xfec]
J 1769 C1 org.glassfish.gmbal.typelib.TypeEvaluator$TypeEvaluationVisitor.visitMethodDeclaration(Lorg/glassfish/gmbal/typelib/EvaluatedClassDeclaration;Ljava/lang/reflect/Method;)Lorg/glassfish/gmbal/typelib/EvaluatedMethodDeclaration; (105 bytes) @ 0x00000000032f73dc [0x00000000032f5d40+0x169c]
J 1738 C1 org.glassfish.gmbal.typelib.TypeEvaluator$TypeEvaluationVisitor$4.evaluate(Ljava/lang/Object;)Ljava/lang/Object; (9 bytes) @ 0x00000000032e4bcc [0x00000000032e49a0+0x22c]
J 1734 C1 org.glassfish.pfl.basic.algorithm.Algorithms.map(Ljava/util/Collection;Ljava/util/Collection;Lorg/glassfish/pfl/basic/func/UnaryFunction;)V (52 bytes) @ 0x00000000032e282c [0x00000000032e25c0+0x26c]
J 1873 C1 org.glassfish.gmbal.typelib.TypeEvaluator$TypeEvaluationVisitor.processClass(Lorg/glassfish/gmbal/typelib/EvaluatedClassDeclaration;Ljava/util/Map;Ljava/lang/Class;)V (145 bytes) @ 0x000000000334acdc [0x0000000003349240+0x1a9c]
J 1744 C1 org.glassfish.gmbal.typelib.TypeEvaluator$TypeEvaluationVisitor.getCorrectDeclaration(Lorg/glassfish/gmbal/typelib/TypeEvaluator$TypeEvaluationVisitor$OrderedResult;Ljava/lang/Class;Lorg/glassfish/gmbal/typelib/EvaluatedClassDeclaration;)Lorg/glassfish/gmbal/typelib/EvaluatedType; (113 bytes) @ 0x00000000032e9b9c [0x00000000032e9400+0x79c]
J 1755 C1 org.glassfish.gmbal.typelib.TypeEvaluator$TypeEvaluationVisitor.visitClassDeclaration(Ljava/lang/Class;)Lorg/glassfish/gmbal/typelib/EvaluatedType; (133 bytes) @ 0x00000000032efb04 [0x00000000032ef2e0+0x824]
J 1690 C1 org.glassfish.gmbal.typelib.TypeEvaluator$TypeEvaluationVisitor.evaluateType(Ljava/lang/Object;)Lorg/glassfish/gmbal/typelib/EvaluatedType; (145 bytes) @ 0x00000000032c94ec [0x00000000032c8500+0xfec]
J 1769 C1 org.glassfish.gmbal.typelib.TypeEvaluator$TypeEvaluationVisitor.visitMethodDeclaration(Lorg/glassfish/gmbal/typelib/EvaluatedClassDeclaration;Ljava/lang/reflect/Method;)Lorg/glassfish/gmbal/typelib/EvaluatedMethodDeclaration; (105 bytes) @ 0x00000000032f73dc [0x00000000032f5d40+0x169c]
J 1738 C1 org.glassfish.gmbal.typelib.TypeEvaluator$TypeEvaluationVisitor$4.evaluate(Ljava/lang/Object;)Ljava/lang/Object; (9 bytes) @ 0x00000000032e4bcc [0x00000000032e49a0+0x22c]
J 1734 C1 org.glassfish.pfl.basic.algorithm.Algorithms.map(Ljava/util/Collection;Ljava/util/Collection;Lorg/glassfish/pfl/basic/func/UnaryFunction;)V (52 bytes) @ 0x00000000032e282c [0x00000000032e25c0+0x26c]
J 1873 C1 org.glassfish.gmbal.typelib.TypeEvaluator$TypeEvaluationVisitor.processClass(Lorg/glassfish/gmbal/typelib/EvaluatedClassDeclaration;Ljava/util/Map;Ljava/lang/Class;)V (145 bytes) @ 0x000000000334acdc [0x0000000003349240+0x1a9c]
J 1744 C1 org.glassfish.gmbal.typelib.TypeEvaluator$TypeEvaluationVisitor.getCorrectDeclaration(Lorg/glassfish/gmbal/typelib/TypeEvaluator$TypeEvaluationVisitor$OrderedResult;Ljava/lang/Class;Lorg/glassfish/gmbal/typelib/EvaluatedClassDeclaration;)Lorg/glassfish/gmbal/typelib/EvaluatedType; (113 bytes) @ 0x00000000032e9b9c [0x00000000032e9400+0x79c]
J 1755 C1 org.glassfish.gmbal.typelib.TypeEvaluator$TypeEvaluationVisitor.visitClassDeclaration(Ljava/lang/Class;)Lorg/glassfish/gmbal/typelib/EvaluatedType; (133 bytes) @ 0x00000000032efb04 [0x00000000032ef2e0+0x824]
J 1690 C1 org.glassfish.gmbal.typelib.TypeEvaluator$TypeEvaluationVisitor.evaluateType(Ljava/lang/Object;)Lorg/glassfish/gmbal/typelib/EvaluatedType; (145 bytes) @ 0x00000000032c94ec [0x00000000032c8500+0xfec]
J 1769 C1 org.glassfish.gmbal.typelib.TypeEvaluator$TypeEvaluationVisitor.visitMethodDeclaration(Lorg/glassfish/gmbal/typelib/EvaluatedClassDeclaration;Ljava/lang/reflect/Method;)Lorg/glassfish/gmbal/typelib/EvaluatedMethodDeclaration; (105 bytes) @ 0x00000000032f73dc [0x00000000032f5d40+0x169c]
J 1738 C1 org.glassfish.gmbal.typelib.TypeEvaluator$TypeEvaluationVisitor$4.evaluate(Ljava/lang/Object;)Ljava/lang/Object; (9 bytes) @ 0x00000000032e4bcc [0x00000000032e49a0+0x22c]
J 1734 C1 org.glassfish.pfl.basic.algorithm.Algorithms.map(Ljava/util/Collection;Ljava/util/Collection;Lorg/glassfish/pfl/basic/func/UnaryFunction;)V (52 bytes) @ 0x00000000032e282c [0x00000000032e25c0+0x26c]
J 1873 C1 org.glassfish.gmbal.typelib.TypeEvaluator$TypeEvaluationVisitor.processClass(Lorg/glassfish/gmbal/typelib/EvaluatedClassDeclaration;Ljava/util/Map;Ljava/lang/Class;)V (145 bytes) @ 0x000000000334acdc [0x0000000003349240+0x1a9c]
J 1744 C1 org.glassfish.gmbal.typelib.TypeEvaluator$TypeEvaluationVisitor.getCorrectDeclaration(Lorg/glassfish/gmbal/typelib/TypeEvaluator$TypeEvaluationVisitor$OrderedResult;Ljava/lang/Class;Lorg/glassfish/gmbal/typelib/EvaluatedClassDeclaration;)Lorg/glassfish/gmbal/typelib/EvaluatedType; (113 bytes) @ 0x00000000032e9b9c [0x00000000032e9400+0x79c]
J 1755 C1 org.glassfish.gmbal.typelib.TypeEvaluator$TypeEvaluationVisitor.visitClassDeclaration(Ljava/lang/Class;)Lorg/glassfish/gmbal/typelib/EvaluatedType; (133 bytes) @ 0x00000000032efb04 [0x00000000032ef2e0+0x824]
J 1690 C1 org.glassfish.gmbal.typelib.TypeEvaluator$TypeEvaluationVisitor.evaluateType(Ljava/lang/Object;)Lorg/glassfish/gmbal/typelib/EvaluatedType; (145 bytes) @ 0x00000000032c94ec [0x00000000032c8500+0xfec]
J 1747 C1 org.glassfish.gmbal.typelib.TypeEvaluator$TypeEvaluationVisitor$1.evaluate(Ljava/lang/Object;)Ljava/lang/Object; (9 bytes) @ 0x00000000032eb8bc [0x00000000032eb6c0+0x1fc]
J 1734 C1 org.glassfish.pfl.basic.algorithm.Algorithms.map(Ljava/util/Collection;Ljava/util/Collection;Lorg/glassfish/pfl/basic/func/UnaryFunction;)V (52 bytes) @ 0x00000000032e282c [0x00000000032e25c0+0x26c]
J 1769 C1 org.glassfish.gmbal.typelib.TypeEvaluator$TypeEvaluationVisitor.visitMethodDeclaration(Lorg/glassfish/gmbal/typelib/EvaluatedClassDeclaration;Ljava/lang/reflect/Method;)Lorg/glassfish/gmbal/typelib/EvaluatedMethodDeclaration; (105 bytes) @ 0x00000000032f692c [0x00000000032f5d40+0xbec]
J 1738 C1 org.glassfish.gmbal.typelib.TypeEvaluator$TypeEvaluationVisitor$4.evaluate(Ljava/lang/Object;)Ljava/lang/Object; (9 bytes) @ 0x00000000032e4bcc [0x00000000032e49a0+0x22c]
j  org.glassfish.pfl.basic.algorithm.Algorithms.map(Ljava/util/Collection;Ljava/util/Collection;Lorg/glassfish/pfl/basic/func/UnaryFunction;)V+27
j  org.glassfish.pfl.basic.algorithm.Algorithms.map(Ljava/util/List;Lorg/glassfish/pfl/basic/func/UnaryFunction;)Ljava/util/List;+11
j  org.glassfish.gmbal.typelib.TypeEvaluator$TypeEvaluationVisitor.processClass(Lorg/glassfish/gmbal/typelib/EvaluatedClassDeclaration;Ljava/util/Map;Ljava/lang/Class;)V+88
j  org.glassfish.gmbal.typelib.TypeEvaluator$TypeEvaluationVisitor.getCorrectDeclaration(Lorg/glassfish/gmbal/typelib/TypeEvaluator$TypeEvaluationVisitor$OrderedResult;Ljava/lang/Class;Lorg/glassfish/gmbal/typelib/EvaluatedClassDeclaration;)Lorg/glassfish/gmbal/typelib/EvaluatedType;+84
j  org.glassfish.gmbal.typelib.TypeEvaluator$TypeEvaluationVisitor.visitClassDeclaration(Ljava/lang/Class;)Lorg/glassfish/gmbal/typelib/EvaluatedType;+74
j  org.glassfish.gmbal.typelib.TypeEvaluator$TypeEvaluationVisitor.evaluateType(Ljava/lang/Object;)Lorg/glassfish/gmbal/typelib/EvaluatedType;+25
j  org.glassfish.gmbal.typelib.TypeEvaluator$TypeEvaluationVisitor$1.evaluate(Ljava/lang/reflect/Type;)Lorg/glassfish/gmbal/typelib/EvaluatedType;+5
j  org.glassfish.gmbal.typelib.TypeEvaluator$TypeEvaluationVisitor$1.evaluate(Ljava/lang/Object;)Ljava/lang/Object;+5
j  org.glassfish.pfl.basic.algorithm.Algorithms.map(Ljava/util/Collection;Ljava/util/Collection;Lorg/glassfish/pfl/basic/func/UnaryFunction;)V+27
j  org.glassfish.pfl.basic.algorithm.Algorithms.map(Ljava/util/List;Lorg/glassfish/pfl/basic/func/UnaryFunction;)Ljava/util/List;+11
j  org.glassfish.gmbal.typelib.TypeEvaluator$TypeEvaluationVisitor.visitMethodDeclaration(Lorg/glassfish/gmbal/typelib/EvaluatedClassDeclaration;Ljava/lang/reflect/Method;)Lorg/glassfish/gmbal/typelib/EvaluatedMethodDeclaration;+15
j  org.glassfish.gmbal.typelib.TypeEvaluator$TypeEvaluationVisitor.access$600(Lorg/glassfish/gmbal/typelib/TypeEvaluator$TypeEvaluationVisitor;Lorg/glassfish/gmbal/typelib/EvaluatedClassDeclaration;Ljava/lang/reflect/Method;)Lorg/glassfish/gmbal/typelib/EvaluatedMethodDeclaration;+3
j  org.glassfish.gmbal.typelib.TypeEvaluator$TypeEvaluationVisitor$4.evaluate(Ljava/lang/reflect/Method;)Lorg/glassfish/gmbal/typelib/EvaluatedMethodDeclaration;+9
j  org.glassfish.gmbal.typelib.TypeEvaluator$TypeEvaluationVisitor$4.evaluate(Ljava/lang/Object;)Ljava/lang/Object;+5
j  org.glassfish.pfl.basic.algorithm.Algorithms.map(Ljava/util/Collection;Ljava/util/Collection;Lorg/glassfish/pfl/basic/func/UnaryFunction;)V+27
j  org.glassfish.pfl.basic.algorithm.Algorithms.map(Ljava/util/List;Lorg/glassfish/pfl/basic/func/UnaryFunction;)Ljava/util/List;+11
j  org.glassfish.gmbal.typelib.TypeEvaluator$TypeEvaluationVisitor.processClass(Lorg/glassfish/gmbal/typelib/EvaluatedClassDeclaration;Ljava/util/Map;Ljava/lang/Class;)V+88
j  org.glassfish.gmbal.typelib.TypeEvaluator$TypeEvaluationVisitor.getCorrectDeclaration(Lorg/glassfish/gmbal/typelib/TypeEvaluator$TypeEvaluationVisitor$OrderedResult;Ljava/lang/Class;Lorg/glassfish/gmbal/typelib/EvaluatedClassDeclaration;)Lorg/glassfish/gmbal/typelib/EvaluatedType;+84
j  org.glassfish.gmbal.typelib.TypeEvaluator$TypeEvaluationVisitor.visitParameterizedType(Ljava/lang/reflect/ParameterizedType;)Lorg/glassfish/gmbal/typelib/EvaluatedType;+62
j  org.glassfish.gmbal.typelib.TypeEvaluator$TypeEvaluationVisitor.evaluateType(Ljava/lang/Object;)Lorg/glassfish/gmbal/typelib/EvaluatedType;+46
j  org.glassfish.gmbal.typelib.TypeEvaluator$TypeEvaluationVisitor.visitMethodDeclaration(Lorg/glassfish/gmbal/typelib/EvaluatedClassDeclaration;Ljava/lang/reflect/Method;)Lorg/glassfish/gmbal/typelib/EvaluatedMethodDeclaration;+57
j  org.glassfish.gmbal.typelib.TypeEvaluator$TypeEvaluationVisitor.access$600(Lorg/glassfish/gmbal/typelib/TypeEvaluator$TypeEvaluationVisitor;Lorg/glassfish/gmbal/typelib/EvaluatedClassDeclaration;Ljava/lang/reflect/Method;)Lorg/glassfish/gmbal/typelib/EvaluatedMethodDeclaration;+3
j  org.glassfish.gmbal.typelib.TypeEvaluator$TypeEvaluationVisitor$4.evaluate(Ljava/lang/reflect/Method;)Lorg/glassfish/gmbal/typelib/EvaluatedMethodDeclaration;+9
j  org.glassfish.gmbal.typelib.TypeEvaluator$TypeEvaluationVisitor$4.evaluate(Ljava/lang/Object;)Ljava/lang/Object;+5
j  org.glassfish.pfl.basic.algorithm.Algorithms.map(Ljava/util/Collection;Ljava/util/Collection;Lorg/glassfish/pfl/basic/func/UnaryFunction;)V+27
j  org.glassfish.pfl.basic.algorithm.Algorithms.map(Ljava/util/List;Lorg/glassfish/pfl/basic/func/UnaryFunction;)Ljava/util/List;+11
j  org.glassfish.gmbal.typelib.TypeEvaluator$TypeEvaluationVisitor.processClass(Lorg/glassfish/gmbal/typelib/EvaluatedClassDeclaration;Ljava/util/Map;Ljava/lang/Class;)V+88
j  org.glassfish.gmbal.typelib.TypeEvaluator$TypeEvaluationVisitor.getCorrectDeclaration(Lorg/glassfish/gmbal/typelib/TypeEvaluator$TypeEvaluationVisitor$OrderedResult;Ljava/lang/Class;Lorg/glassfish/gmbal/typelib/EvaluatedClassDeclaration;)Lorg/glassfish/gmbal/typelib/EvaluatedType;+84
j  org.glassfish.gmbal.typelib.TypeEvaluator$TypeEvaluationVisitor.visitClassDeclaration(Ljava/lang/Class;)Lorg/glassfish/gmbal/typelib/EvaluatedType;+74
j  org.glassfish.gmbal.typelib.TypeEvaluator$TypeEvaluationVisitor.evaluateType(Ljava/lang/Object;)Lorg/glassfish/gmbal/typelib/EvaluatedType;+25
j  org.glassfish.gmbal.typelib.TypeEvaluator$TypeEvaluationVisitor.visitClassDeclaration(Ljava/lang/Class;)Lorg/glassfish/gmbal/typelib/EvaluatedType;+20
j  org.glassfish.gmbal.typelib.TypeEvaluator$TypeEvaluationVisitor.evaluateType(Ljava/lang/Object;)Lorg/glassfish/gmbal/typelib/EvaluatedType;+25
j  org.glassfish.gmbal.typelib.TypeEvaluator$TypeEvaluationVisitor.visitMethodDeclaration(Lorg/glassfish/gmbal/typelib/EvaluatedClassDeclaration;Ljava/lang/reflect/Method;)Lorg/glassfish/gmbal/typelib/EvaluatedMethodDeclaration;+57
j  org.glassfish.gmbal.typelib.TypeEvaluator$TypeEvaluationVisitor.access$600(Lorg/glassfish/gmbal/typelib/TypeEvaluator$TypeEvaluationVisitor;Lorg/glassfish/gmbal/typelib/EvaluatedClassDeclaration;Ljava/lang/reflect/Method;)Lorg/glassfish/gmbal/typelib/EvaluatedMethodDeclaration;+3
j  org.glassfish.gmbal.typelib.TypeEvaluator$TypeEvaluationVisitor$4.evaluate(Ljava/lang/reflect/Method;)Lorg/glassfish/gmbal/typelib/EvaluatedMethodDeclaration;+9
j  org.glassfish.gmbal.typelib.TypeEvaluator$TypeEvaluationVisitor$4.evaluate(Ljava/lang/Object;)Ljava/lang/Object;+5
j  org.glassfish.pfl.basic.algorithm.Algorithms.map(Ljava/util/Collection;Ljava/util/Collection;Lorg/glassfish/pfl/basic/func/UnaryFunction;)V+27
j  org.glassfish.pfl.basic.algorithm.Algorithms.map(Ljava/util/List;Lorg/glassfish/pfl/basic/func/UnaryFunction;)Ljava/util/List;+11
j  org.glassfish.gmbal.typelib.TypeEvaluator$TypeEvaluationVisitor.processClass(Lorg/glassfish/gmbal/typelib/EvaluatedClassDeclaration;Ljava/util/Map;Ljava/lang/Class;)V+88
j  org.glassfish.gmbal.typelib.TypeEvaluator$TypeEvaluationVisitor.getCorrectDeclaration(Lorg/glassfish/gmbal/typelib/TypeEvaluator$TypeEvaluationVisitor$OrderedResult;Ljava/lang/Class;Lorg/glassfish/gmbal/typelib/EvaluatedClassDeclaration;)Lorg/glassfish/gmbal/typelib/EvaluatedType;+84
j  org.glassfish.gmbal.typelib.TypeEvaluator$TypeEvaluationVisitor.visitClassDeclaration(Ljava/lang/Class;)Lorg/glassfish/gmbal/typelib/EvaluatedType;+74
j  org.glassfish.gmbal.typelib.TypeEvaluator$TypeEvaluationVisitor.evaluateType(Ljava/lang/Object;)Lorg/glassfish/gmbal/typelib/EvaluatedType;+25
j  org.glassfish.gmbal.typelib.TypeEvaluator$TypeEvaluationVisitor$2.evaluate(Ljava/lang/reflect/Type;)Lorg/glassfish/gmbal/typelib/EvaluatedClassDeclaration;+5
j  org.glassfish.gmbal.typelib.TypeEvaluator$TypeEvaluationVisitor$2.evaluate(Ljava/lang/Object;)Ljava/lang/Object;+5
j  org.glassfish.pfl.basic.algorithm.Algorithms.map(Ljava/util/Collection;Ljava/util/Collection;Lorg/glassfish/pfl/basic/func/UnaryFunction;)V+27
j  org.glassfish.pfl.basic.algorithm.Algorithms.map(Ljava/util/List;Lorg/glassfish/pfl/basic/func/UnaryFunction;)Ljava/util/List;+11
j  org.glassfish.gmbal.typelib.TypeEvaluator$TypeEvaluationVisitor.processClass(Lorg/glassfish/gmbal/typelib/EvaluatedClassDeclaration;Ljava/util/Map;Ljava/lang/Class;)V+28
j  org.glassfish.gmbal.typelib.TypeEvaluator$TypeEvaluationVisitor.getCorrectDeclaration(Lorg/glassfish/gmbal/typelib/TypeEvaluator$TypeEvaluationVisitor$OrderedResult;Ljava/lang/Class;Lorg/glassfish/gmbal/typelib/EvaluatedClassDeclaration;)Lorg/glassfish/gmbal/typelib/EvaluatedType;+84
j  org.glassfish.gmbal.typelib.TypeEvaluator$TypeEvaluationVisitor.visitClassDeclaration(Ljava/lang/Class;)Lorg/glassfish/gmbal/typelib/EvaluatedType;+74
j  org.glassfish.gmbal.typelib.TypeEvaluator$TypeEvaluationVisitor.evaluateType(Ljava/lang/Object;)Lorg/glassfish/gmbal/typelib/EvaluatedType;+25
j  org.glassfish.gmbal.typelib.TypeEvaluator$TypeEvaluationVisitor$2.evaluate(Ljava/lang/reflect/Type;)Lorg/glassfish/gmbal/typelib/EvaluatedClassDeclaration;+5
j  org.glassfish.gmbal.typelib.TypeEvaluator$TypeEvaluationVisitor$2.evaluate(Ljava/lang/Object;)Ljava/lang/Object;+5
j  org.glassfish.pfl.basic.algorithm.Algorithms.map(Ljava/util/Collection;Ljava/util/Collection;Lorg/glassfish/pfl/basic/func/UnaryFunction;)V+27
j  org.glassfish.pfl.basic.algorithm.Algorithms.map(Ljava/util/List;Lorg/glassfish/pfl/basic/func/UnaryFunction;)Ljava/util/List;+11
j  org.glassfish.gmbal.typelib.TypeEvaluator$TypeEvaluationVisitor.processClass(Lorg/glassfish/gmbal/typelib/EvaluatedClassDeclaration;Ljava/util/Map;Ljava/lang/Class;)V+28
j  org.glassfish.gmbal.typelib.TypeEvaluator$TypeEvaluationVisitor.getCorrectDeclaration(Lorg/glassfish/gmbal/typelib/TypeEvaluator$TypeEvaluationVisitor$OrderedResult;Ljava/lang/Class;Lorg/glassfish/gmbal/typelib/EvaluatedClassDeclaration;)Lorg/glassfish/gmbal/typelib/EvaluatedType;+84
j  org.glassfish.gmbal.typelib.TypeEvaluator$TypeEvaluationVisitor.visitClassDeclaration(Ljava/lang/Class;)Lorg/glassfish/gmbal/typelib/EvaluatedType;+74
j  org.glassfish.gmbal.typelib.TypeEvaluator$TypeEvaluationVisitor.evaluateType(Ljava/lang/Object;)Lorg/glassfish/gmbal/typelib/EvaluatedType;+25
j  org.glassfish.gmbal.typelib.TypeEvaluator$TypeEvaluationVisitor.visitMethodDeclaration(Lorg/glassfish/gmbal/typelib/EvaluatedClassDeclaration;Ljava/lang/reflect/Method;)Lorg/glassfish/gmbal/typelib/EvaluatedMethodDeclaration;+57
j  org.glassfish.gmbal.typelib.TypeEvaluator$TypeEvaluationVisitor.access$600(Lorg/glassfish/gmbal/typelib/TypeEvaluator$TypeEvaluationVisitor;Lorg/glassfish/gmbal/typelib/EvaluatedClassDeclaration;Ljava/lang/reflect/Method;)Lorg/glassfish/gmbal/typelib/EvaluatedMethodDeclaration;+3
j  org.glassfish.gmbal.typelib.TypeEvaluator$TypeEvaluationVisitor$4.evaluate(Ljava/lang/reflect/Method;)Lorg/glassfish/gmbal/typelib/EvaluatedMethodDeclaration;+9
j  org.glassfish.gmbal.typelib.TypeEvaluator$TypeEvaluationVisitor$4.evaluate(Ljava/lang/Object;)Ljava/lang/Object;+5
j  org.glassfish.pfl.basic.algorithm.Algorithms.map(Ljava/util/Collection;Ljava/util/Collection;Lorg/glassfish/pfl/basic/func/UnaryFunction;)V+27
j  org.glassfish.pfl.basic.algorithm.Algorithms.map(Ljava/util/List;Lorg/glassfish/pfl/basic/func/UnaryFunction;)Ljava/util/List;+11
j  org.glassfish.gmbal.typelib.TypeEvaluator$TypeEvaluationVisitor.processClass(Lorg/glassfish/gmbal/typelib/EvaluatedClassDeclaration;Ljava/util/Map;Ljava/lang/Class;)V+88
j  org.glassfish.gmbal.typelib.TypeEvaluator$TypeEvaluationVisitor.getCorrectDeclaration(Lorg/glassfish/gmbal/typelib/TypeEvaluator$TypeEvaluationVisitor$OrderedResult;Ljava/lang/Class;Lorg/glassfish/gmbal/typelib/EvaluatedClassDeclaration;)Lorg/glassfish/gmbal/typelib/EvaluatedType;+84
j  org.glassfish.gmbal.typelib.TypeEvaluator$TypeEvaluationVisitor.visitClassDeclaration(Ljava/lang/Class;)Lorg/glassfish/gmbal/typelib/EvaluatedType;+74
j  org.glassfish.gmbal.typelib.TypeEvaluator$TypeEvaluationVisitor.evaluateType(Ljava/lang/Object;)Lorg/glassfish/gmbal/typelib/EvaluatedType;+25
j  org.glassfish.gmbal.typelib.TypeEvaluator$TypeEvaluationVisitor$1.evaluate(Ljava/lang/reflect/Type;)Lorg/glassfish/gmbal/typelib/EvaluatedType;+5
j  org.glassfish.gmbal.typelib.TypeEvaluator$TypeEvaluationVisitor$1.evaluate(Ljava/lang/Object;)Ljava/lang/Object;+5
j  org.glassfish.pfl.basic.algorithm.Algorithms.map(Ljava/util/Collection;Ljava/util/Collection;Lorg/glassfish/pfl/basic/func/UnaryFunction;)V+27
j  org.glassfish.pfl.basic.algorithm.Algorithms.map(Ljava/util/List;Lorg/glassfish/pfl/basic/func/UnaryFunction;)Ljava/util/List;+11
j  org.glassfish.gmbal.typelib.TypeEvaluator$TypeEvaluationVisitor.visitMethodDeclaration(Lorg/glassfish/gmbal/typelib/EvaluatedClassDeclaration;Ljava/lang/reflect/Method;)Lorg/glassfish/gmbal/typelib/EvaluatedMethodDeclaration;+15
j  org.glassfish.gmbal.typelib.TypeEvaluator$TypeEvaluationVisitor.access$600(Lorg/glassfish/gmbal/typelib/TypeEvaluator$TypeEvaluationVisitor;Lorg/glassfish/gmbal/typelib/EvaluatedClassDeclaration;Ljava/lang/reflect/Method;)Lorg/glassfish/gmbal/typelib/EvaluatedMethodDeclaration;+3
j  org.glassfish.gmbal.typelib.TypeEvaluator$TypeEvaluationVisitor$4.evaluate(Ljava/lang/reflect/Method;)Lorg/glassfish/gmbal/typelib/EvaluatedMethodDeclaration;+9
j  org.glassfish.gmbal.typelib.TypeEvaluator$TypeEvaluationVisitor$4.evaluate(Ljava/lang/Object;)Ljava/lang/Object;+5
j  org.glassfish.pfl.basic.algorithm.Algorithms.map(Ljava/util/Collection;Ljava/util/Collection;Lorg/glassfish/pfl/basic/func/UnaryFunction;)V+27
j  org.glassfish.pfl.basic.algorithm.Algorithms.map(Ljava/util/List;Lorg/glassfish/pfl/basic/func/UnaryFunction;)Ljava/util/List;+11
j  org.glassfish.gmbal.typelib.TypeEvaluator$TypeEvaluationVisitor.processClass(Lorg/glassfish/gmbal/typelib/EvaluatedClassDeclaration;Ljava/util/Map;Ljava/lang/Class;)V+88
j  org.glassfish.gmbal.typelib.TypeEvaluator$TypeEvaluationVisitor.getCorrectDeclaration(Lorg/glassfish/gmbal/typelib/TypeEvaluator$TypeEvaluationVisitor$OrderedResult;Ljava/lang/Class;Lorg/glassfish/gmbal/typelib/EvaluatedClassDeclaration;)Lorg/glassfish/gmbal/typelib/EvaluatedType;+84
j  org.glassfish.gmbal.typelib.TypeEvaluator$TypeEvaluationVisitor.visitParameterizedType(Ljava/lang/reflect/ParameterizedType;)Lorg/glassfish/gmbal/typelib/EvaluatedType;+62
j  org.glassfish.gmbal.typelib.TypeEvaluator$TypeEvaluationVisitor.evaluateType(Ljava/lang/Object;)Lorg/glassfish/gmbal/typelib/EvaluatedType;+46
j  org.glassfish.gmbal.typelib.TypeEvaluator$TypeEvaluationVisitor.visitMethodDeclaration(Lorg/glassfish/gmbal/typelib/EvaluatedClassDeclaration;Ljava/lang/reflect/Method;)Lorg/glassfish/gmbal/typelib/EvaluatedMethodDeclaration;+57
j  org.glassfish.gmbal.typelib.TypeEvaluator$TypeEvaluationVisitor.access$600(Lorg/glassfish/gmbal/typelib/TypeEvaluator$TypeEvaluationVisitor;Lorg/glassfish/gmbal/typelib/EvaluatedClassDeclaration;Ljava/lang/reflect/Method;)Lorg/glassfish/gmbal/typelib/EvaluatedMethodDeclaration;+3
j  org.glassfish.gmbal.typelib.TypeEvaluator$TypeEvaluationVisitor$4.evaluate(Ljava/lang/reflect/Method;)Lorg/glassfish/gmbal/typelib/EvaluatedMethodDeclaration;+9
j  org.glassfish.gmbal.typelib.TypeEvaluator$TypeEvaluationVisitor$4.evaluate(Ljava/lang/Object;)Ljava/lang/Object;+5
j  org.glassfish.pfl.basic.algorithm.Algorithms.map(Ljava/util/Collection;Ljava/util/Collection;Lorg/glassfish/pfl/basic/func/UnaryFunction;)V+27
j  org.glassfish.pfl.basic.algorithm.Algorithms.map(Ljava/util/List;Lorg/glassfish/pfl/basic/func/UnaryFunction;)Ljava/util/List;+11
j  org.glassfish.gmbal.typelib.TypeEvaluator$TypeEvaluationVisitor.processClass(Lorg/glassfish/gmbal/typelib/EvaluatedClassDeclaration;Ljava/util/Map;Ljava/lang/Class;)V+88
j  org.glassfish.gmbal.typelib.TypeEvaluator$TypeEvaluationVisitor.getCorrectDeclaration(Lorg/glassfish/gmbal/typelib/TypeEvaluator$TypeEvaluationVisitor$OrderedResult;Ljava/lang/Class;Lorg/glassfish/gmbal/typelib/EvaluatedClassDeclaration;)Lorg/glassfish/gmbal/typelib/EvaluatedType;+84
j  org.glassfish.gmbal.typelib.TypeEvaluator$TypeEvaluationVisitor.visitParameterizedType(Ljava/lang/reflect/ParameterizedType;)Lorg/glassfish/gmbal/typelib/EvaluatedType;+62
j  org.glassfish.gmbal.typelib.TypeEvaluator$TypeEvaluationVisitor.evaluateType(Ljava/lang/Object;)Lorg/glassfish/gmbal/typelib/EvaluatedType;+46
j  org.glassfish.gmbal.typelib.TypeEvaluator$TypeEvaluationVisitor.visitMethodDeclaration(Lorg/glassfish/gmbal/typelib/EvaluatedClassDeclaration;Ljava/lang/reflect/Method;)Lorg/glassfish/gmbal/typelib/EvaluatedMethodDeclaration;+57
j  org.glassfish.gmbal.typelib.TypeEvaluator$TypeEvaluationVisitor.access$600(Lorg/glassfish/gmbal/typelib/TypeEvaluator$TypeEvaluationVisitor;Lorg/glassfish/gmbal/typelib/EvaluatedClassDeclaration;Ljava/lang/reflect/Method;)Lorg/glassfish/gmbal/typelib/EvaluatedMethodDeclaration;+3
j  org.glassfish.gmbal.typelib.TypeEvaluator$TypeEvaluationVisitor$4.evaluate(Ljava/lang/reflect/Method;)Lorg/glassfish/gmbal/typelib/EvaluatedMethodDeclaration;+9
j  org.glassfish.gmbal.typelib.TypeEvaluator$TypeEvaluationVisitor$4.evaluate(Ljava/lang/Object;)Ljava/lang/Object;+5
j  org.glassfish.pfl.basic.algorithm.Algorithms.map(Ljava/util/Collection;Ljava/util/Collection;Lorg/glassfish/pfl/basic/func/UnaryFunction;)V+27
j  org.glassfish.pfl.basic.algorithm.Algorithms.map(Ljava/util/List;Lorg/glassfish/pfl/basic/func/UnaryFunction;)Ljava/util/List;+11
j  org.glassfish.gmbal.typelib.TypeEvaluator$TypeEvaluationVisitor.processClass(Lorg/glassfish/gmbal/typelib/EvaluatedClassDeclaration;Ljava/util/Map;Ljava/lang/Class;)V+88
j  org.glassfish.gmbal.typelib.TypeEvaluator$TypeEvaluationVisitor.getCorrectDeclaration(Lorg/glassfish/gmbal/typelib/TypeEvaluator$TypeEvaluationVisitor$OrderedResult;Ljava/lang/Class;Lorg/glassfish/gmbal/typelib/EvaluatedClassDeclaration;)Lorg/glassfish/gmbal/typelib/EvaluatedType;+84
j  org.glassfish.gmbal.typelib.TypeEvaluator$TypeEvaluationVisitor.visitParameterizedType(Ljava/lang/reflect/ParameterizedType;)Lorg/glassfish/gmbal/typelib/EvaluatedType;+62
j  org.glassfish.gmbal.typelib.TypeEvaluator$TypeEvaluationVisitor.evaluateType(Ljava/lang/Object;)Lorg/glassfish/gmbal/typelib/EvaluatedType;+46
j  org.glassfish.gmbal.typelib.TypeEvaluator$TypeEvaluationVisitor$2.evaluate(Ljava/lang/reflect/Type;)Lorg/glassfish/gmbal/typelib/EvaluatedClassDeclaration;+5
j  org.glassfish.gmbal.typelib.TypeEvaluator$TypeEvaluationVisitor$2.evaluate(Ljava/lang/Object;)Ljava/lang/Object;+5
j  org.glassfish.pfl.basic.algorithm.Algorithms.map(Ljava/util/Collection;Ljava/util/Collection;Lorg/glassfish/pfl/basic/func/UnaryFunction;)V+27
j  org.glassfish.pfl.basic.algorithm.Algorithms.map(Ljava/util/List;Lorg/glassfish/pfl/basic/func/UnaryFunction;)Ljava/util/List;+11
j  org.glassfish.gmbal.typelib.TypeEvaluator$TypeEvaluationVisitor.processClass(Lorg/glassfish/gmbal/typelib/EvaluatedClassDeclaration;Ljava/util/Map;Ljava/lang/Class;)V+28
j  org.glassfish.gmbal.typelib.TypeEvaluator$TypeEvaluationVisitor.getCorrectDeclaration(Lorg/glassfish/gmbal/typelib/TypeEvaluator$TypeEvaluationVisitor$OrderedResult;Ljava/lang/Class;Lorg/glassfish/gmbal/typelib/EvaluatedClassDeclaration;)Lorg/glassfish/gmbal/typelib/EvaluatedType;+84
j  org.glassfish.gmbal.typelib.TypeEvaluator$TypeEvaluationVisitor.visitParameterizedType(Ljava/lang/reflect/ParameterizedType;)Lorg/glassfish/gmbal/typelib/EvaluatedType;+62
j  org.glassfish.gmbal.typelib.TypeEvaluator$TypeEvaluationVisitor.evaluateType(Ljava/lang/Object;)Lorg/glassfish/gmbal/typelib/EvaluatedType;+46
j  org.glassfish.gmbal.typelib.TypeEvaluator$TypeEvaluationVisitor.visitMethodDeclaration(Lorg/glassfish/gmbal/typelib/EvaluatedClassDeclaration;Ljava/lang/reflect/Method;)Lorg/glassfish/gmbal/typelib/EvaluatedMethodDeclaration;+57
j  org.glassfish.gmbal.typelib.TypeEvaluator$TypeEvaluationVisitor.access$600(Lorg/glassfish/gmbal/typelib/TypeEvaluator$TypeEvaluationVisitor;Lorg/glassfish/gmbal/typelib/EvaluatedClassDeclaration;Ljava/lang/reflect/Method;)Lorg/glassfish/gmbal/typelib/EvaluatedMethodDeclaration;+3
j  org.glassfish.gmbal.typelib.TypeEvaluator$TypeEvaluationVisitor$4.evaluate(Ljava/lang/reflect/Method;)Lorg/glassfish/gmbal/typelib/EvaluatedMethodDeclaration;+9
j  org.glassfish.gmbal.typelib.TypeEvaluator$TypeEvaluationVisitor$4.evaluate(Ljava/lang/Object;)Ljava/lang/Object;+5
j  org.glassfish.pfl.basic.algorithm.Algorithms.map(Ljava/util/Collection;Ljava/util/Collection;Lorg/glassfish/pfl/basic/func/UnaryFunction;)V+27
j  org.glassfish.pfl.basic.algorithm.Algorithms.map(Ljava/util/List;Lorg/glassfish/pfl/basic/func/UnaryFunction;)Ljava/util/List;+11
j  org.glassfish.gmbal.typelib.TypeEvaluator$TypeEvaluationVisitor.processClass(Lorg/glassfish/gmbal/typelib/EvaluatedClassDeclaration;Ljava/util/Map;Ljava/lang/Class;)V+88
j  org.glassfish.gmbal.typelib.TypeEvaluator$TypeEvaluationVisitor.getCorrectDeclaration(Lorg/glassfish/gmbal/typelib/TypeEvaluator$TypeEvaluationVisitor$OrderedResult;Ljava/lang/Class;Lorg/glassfish/gmbal/typelib/EvaluatedClassDeclaration;)Lorg/glassfish/gmbal/typelib/EvaluatedType;+84
j  org.glassfish.gmbal.typelib.TypeEvaluator$TypeEvaluationVisitor.visitParameterizedType(Ljava/lang/reflect/ParameterizedType;)Lorg/glassfish/gmbal/typelib/EvaluatedType;+62
j  org.glassfish.gmbal.typelib.TypeEvaluator$TypeEvaluationVisitor.evaluateType(Ljava/lang/Object;)Lorg/glassfish/gmbal/typelib/EvaluatedType;+46
j  org.glassfish.gmbal.typelib.TypeEvaluator$TypeEvaluationVisitor.visitMethodDeclaration(Lorg/glassfish/gmbal/typelib/EvaluatedClassDeclaration;Ljava/lang/reflect/Method;)Lorg/glassfish/gmbal/typelib/EvaluatedMethodDeclaration;+57
j  org.glassfish.gmbal.typelib.TypeEvaluator$TypeEvaluationVisitor.access$600(Lorg/glassfish/gmbal/typelib/TypeEvaluator$TypeEvaluationVisitor;Lorg/glassfish/gmbal/typelib/EvaluatedClassDeclaration;Ljava/lang/reflect/Method;)Lorg/glassfish/gmbal/typelib/EvaluatedMethodDeclaration;+3
j  org.glassfish.gmbal.typelib.TypeEvaluator$TypeEvaluationVisitor$4.evaluate(Ljava/lang/reflect/Method;)Lorg/glassfish/gmbal/typelib/EvaluatedMethodDeclaration;+9
j  org.glassfish.gmbal.typelib.TypeEvaluator$TypeEvaluationVisitor$4.evaluate(Ljava/lang/Object;)Ljava/lang/Object;+5
j  org.glassfish.pfl.basic.algorithm.Algorithms.map(Ljava/util/Collection;Ljava/util/Collection;Lorg/glassfish/pfl/basic/func/UnaryFunction;)V+27
j  org.glassfish.pfl.basic.algorithm.Algorithms.map(Ljava/util/List;Lorg/glassfish/pfl/basic/func/UnaryFunction;)Ljava/util/List;+11
j  org.glassfish.gmbal.typelib.TypeEvaluator$TypeEvaluationVisitor.processClass(Lorg/glassfish/gmbal/typelib/EvaluatedClassDeclaration;Ljava/util/Map;Ljava/lang/Class;)V+88
j  org.glassfish.gmbal.typelib.TypeEvaluator$TypeEvaluationVisitor.getCorrectDeclaration(Lorg/glassfish/gmbal/typelib/TypeEvaluator$TypeEvaluationVisitor$OrderedResult;Ljava/lang/Class;Lorg/glassfish/gmbal/typelib/EvaluatedClassDeclaration;)Lorg/glassfish/gmbal/typelib/EvaluatedType;+84
j  org.glassfish.gmbal.typelib.TypeEvaluator$TypeEvaluationVisitor.visitClassDeclaration(Ljava/lang/Class;)Lorg/glassfish/gmbal/typelib/EvaluatedType;+74
j  org.glassfish.gmbal.typelib.TypeEvaluator$TypeEvaluationVisitor.evaluateType(Ljava/lang/Object;)Lorg/glassfish/gmbal/typelib/EvaluatedType;+25
j  org.glassfish.gmbal.typelib.TypeEvaluator.getEvaluatedType(Ljava/lang/Class;)Lorg/glassfish/gmbal/typelib/EvaluatedType;+29
j  org.glassfish.gmbal.impl.ManagedObjectManagerImpl.<init>(Ljava/lang/String;Ljavax/management/ObjectName;)V+201
j  org.glassfish.gmbal.impl.ManagedObjectManagerImpl.<init>(Ljavax/management/ObjectName;)V+6
v  ~StubRoutines::call_stub
J 1288  sun.reflect.NativeConstructorAccessorImpl.newInstance0(Ljava/lang/reflect/Constructor;[Ljava/lang/Object;)Ljava/lang/Object; (0 bytes) @ 0x00000000031b8f26 [0x00000000031b8ec0+0x66]
J 1287 C1 sun.reflect.NativeConstructorAccessorImpl.newInstance([Ljava/lang/Object;)Ljava/lang/Object; (89 bytes) @ 0x00000000031ba40c [0x00000000031b9380+0x108c]
J 1216 C1 sun.reflect.DelegatingConstructorAccessorImpl.newInstance([Ljava/lang/Object;)Ljava/lang/Object; (9 bytes) @ 0x000000000318b69c [0x000000000318b580+0x11c]
J 1187 C1 java.lang.reflect.Constructor.newInstance([Ljava/lang/Object;)Ljava/lang/Object; (87 bytes) @ 0x0000000003177f34 [0x0000000003177a40+0x4f4]
j  org.glassfish.gmbal.util.GenericConstructor.create([Ljava/lang/Object;)Ljava/lang/Object;+41
j  org.glassfish.gmbal.ManagedObjectManagerFactory.createFederated(Ljavax/management/ObjectName;)Lorg/glassfish/gmbal/ManagedObjectManager;+11
j  com.sun.corba.ee.spi.orb.ORB.createORBManagedObjectManager()V+24
j  com.sun.corba.ee.impl.orb.ORBImpl.initManagedObjectManager()V+1
j  com.sun.corba.ee.impl.orb.ORBImpl.postInit([Ljava/lang/String;Lcom/sun/corba/ee/spi/orb/DataCollector;)V+78
j  com.sun.corba.ee.impl.orb.ORBImpl.set_parameters([Ljava/lang/String;Ljava/util/Properties;)V+19
j  com.sun.corba.ee.impl.orb.ORBImpl.setParameters([Ljava/lang/String;Ljava/util/Properties;)V+3
j  com.sun.corba.ee.spi.osgi.ORBFactory.initialize(Lcom/sun/corba/ee/spi/orb/ORB;[Ljava/lang/String;Ljava/util/Properties;Z)V+53
j  org.glassfish.enterprise.iiop.impl.GlassFishORBManager.initORB(Ljava/util/Properties;)V+567
j  org.glassfish.enterprise.iiop.impl.GlassFishORBManager.getORB(Ljava/util/Properties;)Lcom/sun/corba/ee/spi/orb/ORB;+25
j  org.glassfish.enterprise.iiop.impl.GlassFishORBFactoryImpl.createORB(Ljava/util/Properties;)Lorg/omg/CORBA/ORB;+5
j  org.glassfish.enterprise.iiop.api.GlassFishORBHelper.getORB()Lorg/omg/CORBA/ORB;+57
j  com.sun.enterprise.naming.impl.SerialContext.getORB()Lorg/omg/CORBA/ORB;+29
j  com.sun.enterprise.naming.impl.SerialContext.getProviderCacheKey()Lcom/sun/enterprise/naming/impl/SerialContext$ProviderCacheKey;+1
j  com.sun.enterprise.naming.impl.SerialContext.getRemoteProvider()Lcom/sun/enterprise/naming/impl/SerialContextProvider;+8
j  com.sun.enterprise.naming.impl.SerialContext.getProvider()Lcom/sun/enterprise/naming/impl/SerialContextProvider;+30
j  com.sun.enterprise.naming.impl.SerialContext.lookup(Ljava/lang/String;I)Ljava/lang/Object;+129
j  com.sun.enterprise.naming.impl.SerialContext.lookup(Ljava/lang/String;)Ljava/lang/Object;+3
j  javax.naming.InitialContext.lookup(Ljava/lang/String;)Ljava/lang/Object;+6
j  com.losalpes.servicios.PersistenciaBMTTest.setUp()V+48
v  ~StubRoutines::call_stub
j  sun.reflect.NativeMethodAccessorImpl.invoke0(Ljava/lang/reflect/Method;Ljava/lang/Object;[Ljava/lang/Object;)Ljava/lang/Object;+0
j  sun.reflect.NativeMethodAccessorImpl.invoke(Ljava/lang/Object;[Ljava/lang/Object;)Ljava/lang/Object;+100
j  sun.reflect.DelegatingMethodAccessorImpl.invoke(Ljava/lang/Object;[Ljava/lang/Object;)Ljava/lang/Object;+6
j  java.lang.reflect.Method.invoke(Ljava/lang/Object;[Ljava/lang/Object;)Ljava/lang/Object;+56
j  org.junit.runners.model.FrameworkMethod$1.runReflectiveCall()Ljava/lang/Object;+15
j  org.junit.internal.runners.model.ReflectiveCallable.run()Ljava/lang/Object;+1
j  org.junit.runners.model.FrameworkMethod.invokeExplosively(Ljava/lang/Object;[Ljava/lang/Object;)Ljava/lang/Object;+10
j  org.junit.internal.runners.statements.RunBefores.evaluate()V+38
j  org.junit.internal.runners.statements.RunAfters.evaluate()V+12
j  org.junit.runners.ParentRunner.runLeaf(Lorg/junit/runners/model/Statement;Lorg/junit/runner/Description;Lorg/junit/runner/notification/RunNotifier;)V+17
j  org.junit.runners.BlockJUnit4ClassRunner.runChild(Lorg/junit/runners/model/FrameworkMethod;Lorg/junit/runner/notification/RunNotifier;)V+30
j  org.junit.runners.BlockJUnit4ClassRunner.runChild(Ljava/lang/Object;Lorg/junit/runner/notification/RunNotifier;)V+6
j  org.junit.runners.ParentRunner$3.run()V+12
j  org.junit.runners.ParentRunner$1.schedule(Ljava/lang/Runnable;)V+1
j  org.junit.runners.ParentRunner.runChildren(Lorg/junit/runner/notification/RunNotifier;)V+44
j  org.junit.runners.ParentRunner.access$000(Lorg/junit/runners/ParentRunner;Lorg/junit/runner/notification/RunNotifier;)V+2
j  org.junit.runners.ParentRunner$2.evaluate()V+8
j  org.junit.runners.ParentRunner.run(Lorg/junit/runner/notification/RunNotifier;)V+20
j  org.apache.tools.ant.taskdefs.optional.junit.JUnit4TestMethodAdapter.run(Ljunit/framework/TestResult;)V+12
j  org.apache.tools.ant.taskdefs.optional.junit.JUnitTestRunner.run()V+702
j  org.apache.tools.ant.taskdefs.optional.junit.JUnitTestRunner.launch(Lorg/apache/tools/ant/taskdefs/optional/junit/JUnitTest;[Ljava/lang/String;ZZZZZZ)I+41
j  org.apache.tools.ant.taskdefs.optional.junit.JUnitTestRunner.main([Ljava/lang/String;)V+1016
v  ~StubRoutines::call_stub

---------------  P R O C E S S  ---------------

Java Threads: ( => current thread )
  0x00000000194c5000 JavaThread "Service Thread" daemon [_thread_blocked, id=6964, stack(0x0000000019880000,0x0000000019980000)]
  0x0000000017840800 JavaThread "C1 CompilerThread2" daemon [_thread_blocked, id=9284, stack(0x0000000019380000,0x0000000019480000)]
  0x0000000017840000 JavaThread "C2 CompilerThread1" daemon [_thread_in_native, id=8640, stack(0x0000000019280000,0x0000000019380000)]
  0x000000001783e000 JavaThread "C2 CompilerThread0" daemon [_thread_in_native, id=10064, stack(0x0000000019180000,0x0000000019280000)]
  0x000000001782f000 JavaThread "JDWP Command Reader" daemon [_thread_in_native, id=7260, stack(0x0000000019080000,0x0000000019180000)]
  0x000000001782b800 JavaThread "JDWP Event Helper Thread" daemon [_thread_blocked, id=10456, stack(0x0000000018f80000,0x0000000019080000)]
  0x000000001781c000 JavaThread "JDWP Transport Listener: dt_shmem" daemon [_thread_blocked, id=13044, stack(0x0000000018e80000,0x0000000018f80000)]
  0x0000000017814800 JavaThread "Attach Listener" daemon [_thread_blocked, id=2816, stack(0x0000000018d80000,0x0000000018e80000)]
  0x0000000017813000 JavaThread "Signal Dispatcher" daemon [_thread_blocked, id=6596, stack(0x0000000018c80000,0x0000000018d80000)]
  0x0000000017800000 JavaThread "Finalizer" daemon [_thread_blocked, id=8252, stack(0x0000000018a70000,0x0000000018b70000)]
  0x0000000002c16800 JavaThread "Reference Handler" daemon [_thread_blocked, id=6688, stack(0x0000000018970000,0x0000000018a70000)]
=>0x0000000002b24000 JavaThread "main" [_thread_in_vm, id=6472, stack(0x00000000029b0000,0x0000000002ab0000)]

Other Threads:
  0x00000000177d8800 VMThread [stack: 0x0000000018870000,0x0000000018970000] [id=7468]
  0x0000000019500000 WatcherThread [stack: 0x0000000019980000,0x0000000019a80000] [id=13148]

VM state:not at safepoint (normal execution)

VM Mutex/Monitor currently owned by a thread: None

Heap:
 PSYoungGen      total 78336K, used 19144K [0x00000000d5b80000, 0x00000000db380000, 0x0000000100000000)
  eden space 66560K, 15% used [0x00000000d5b80000,0x00000000d65da3b0,0x00000000d9c80000)
  from space 11776K, 72% used [0x00000000da800000,0x00000000db058000,0x00000000db380000)
  to   space 11776K, 0% used [0x00000000d9c80000,0x00000000d9c80000,0x00000000da800000)
 ParOldGen       total 87552K, used 11925K [0x0000000081200000, 0x0000000086780000, 0x00000000d5b80000)
  object space 87552K, 13% used [0x0000000081200000,0x0000000081da54a8,0x0000000086780000)
 Metaspace       used 15191K, capacity 15458K, committed 15744K, reserved 1062912K
  class space    used 1802K, capacity 1901K, committed 1920K, reserved 1048576K

Card table byte_map: [0x0000000012050000,0x0000000012450000] byte_map_base: 0x0000000011c47000

Marking Bits: (ParMarkBitMap*) 0x000000006e4bd850
 Begin Bits: [0x0000000012b00000, 0x0000000014ab8000)
 End Bits:   [0x0000000014ab8000, 0x0000000016a70000)

Polling page: 0x0000000001240000

CodeCache: size=245760Kb used=6977Kb max_used=6977Kb free=238782Kb
 bounds [0x0000000002c90000, 0x0000000003370000, 0x0000000011c90000]
 total_blobs=2272 nmethods=1906 adapters=286
 compilation: enabled

Compilation events (10 events):
Event: 7.035 Thread 0x0000000017840800 1912       3       sun.reflect.generics.tree.ArrayTypeSignature::accept (8 bytes)
Event: 7.036 Thread 0x0000000017840800 nmethod 1912 0x0000000003360f90 code [0x0000000003361160, 0x0000000003361a58]
Event: 7.238 Thread 0x0000000017840800 1914       3       sun.reflect.generics.reflectiveObjects.ParameterizedTypeImpl::hashCode (24 bytes)
Event: 7.238 Thread 0x0000000017840800 nmethod 1914 0x0000000003361f90 code [0x0000000003362120, 0x00000000033625a8]
Event: 7.258 Thread 0x0000000017840800 1915       3       sun.reflect.generics.tree.VoidDescriptor::accept (8 bytes)
Event: 7.258 Thread 0x0000000017840800 nmethod 1915 0x0000000003362750 code [0x00000000033628c0, 0x0000000003362bb0]
Event: 7.414 Thread 0x0000000017840800 1919       3       java.util.Collections::emptyIterator (4 bytes)
Event: 7.415 Thread 0x0000000017840800 nmethod 1919 0x0000000003362d90 code [0x0000000003362ee0, 0x0000000003363010]
Event: 7.429 Thread 0x0000000017840800 1920       3       sun.reflect.generics.tree.IntSignature::accept (8 bytes)
Event: 7.429 Thread 0x0000000017840800 nmethod 1920 0x0000000003363090 code [0x0000000003363200, 0x00000000033634f0]

GC Heap History (10 events):
Event: 3.629 GC heap before
{Heap before GC invocations=2 (full 0):
 PSYoungGen      total 38400K, used 36804K [0x00000000d5b80000, 0x00000000d8600000, 0x0000000100000000)
  eden space 33280K, 100% used [0x00000000d5b80000,0x00000000d7c00000,0x00000000d7c00000)
  from space 5120K, 68% used [0x00000000d7c00000,0x00000000d7f71260,0x00000000d8100000)
  to   space 5120K, 0% used [0x00000000d8100000,0x00000000d8100000,0x00000000d8600000)
 ParOldGen       total 87552K, used 8K [0x0000000081200000, 0x0000000086780000, 0x00000000d5b80000)
  object space 87552K, 0% used [0x0000000081200000,0x0000000081202000,0x0000000086780000)
 Metaspace       used 7875K, capacity 8086K, committed 8192K, reserved 1056768K
  class space    used 902K, capacity 949K, committed 1024K, reserved 1048576K
Event: 3.639 GC heap after
Heap after GC invocations=2 (full 0):
 PSYoungGen      total 38400K, used 5118K [0x00000000d5b80000, 0x00000000d8600000, 0x0000000100000000)
  eden space 33280K, 0% used [0x00000000d5b80000,0x00000000d5b80000,0x00000000d7c00000)
  from space 5120K, 99% used [0x00000000d8100000,0x00000000d85ff818,0x00000000d8600000)
  to   space 5120K, 0% used [0x00000000d7c00000,0x00000000d7c00000,0x00000000d8100000)
 ParOldGen       total 87552K, used 964K [0x0000000081200000, 0x0000000086780000, 0x00000000d5b80000)
  object space 87552K, 1% used [0x0000000081200000,0x00000000812f1210,0x0000000086780000)
 Metaspace       used 7875K, capacity 8086K, committed 8192K, reserved 1056768K
  class space    used 902K, capacity 949K, committed 1024K, reserved 1048576K
}
Event: 4.498 GC heap before
{Heap before GC invocations=3 (full 0):
 PSYoungGen      total 38400K, used 38398K [0x00000000d5b80000, 0x00000000d8600000, 0x0000000100000000)
  eden space 33280K, 100% used [0x00000000d5b80000,0x00000000d7c00000,0x00000000d7c00000)
  from space 5120K, 99% used [0x00000000d8100000,0x00000000d85ff818,0x00000000d8600000)
  to   space 5120K, 0% used [0x00000000d7c00000,0x00000000d7c00000,0x00000000d8100000)
 ParOldGen       total 87552K, used 964K [0x0000000081200000, 0x0000000086780000, 0x00000000d5b80000)
  object space 87552K, 1% used [0x0000000081200000,0x00000000812f1210,0x0000000086780000)
 Metaspace       used 9325K, capacity 9474K, committed 9600K, reserved 1058816K
  class space    used 1072K, capacity 1111K, committed 1152K, reserved 1048576K
Event: 4.508 GC heap after
Heap after GC invocations=3 (full 0):
 PSYoungGen      total 38400K, used 5094K [0x00000000d5b80000, 0x00000000d8600000, 0x0000000100000000)
  eden space 33280K, 0% used [0x00000000d5b80000,0x00000000d5b80000,0x00000000d7c00000)
  from space 5120K, 99% used [0x00000000d7c00000,0x00000000d80f9af0,0x00000000d8100000)
  to   space 5120K, 0% used [0x00000000d8100000,0x00000000d8100000,0x00000000d8600000)
 ParOldGen       total 87552K, used 4534K [0x0000000081200000, 0x0000000086780000, 0x00000000d5b80000)
  object space 87552K, 5% used [0x0000000081200000,0x000000008166db98,0x0000000086780000)
 Metaspace       used 9325K, capacity 9474K, committed 9600K, reserved 1058816K
  class space    used 1072K, capacity 1111K, committed 1152K, reserved 1048576K
}
Event: 6.587 GC heap before
{Heap before GC invocations=4 (full 0):
 PSYoungGen      total 38400K, used 38374K [0x00000000d5b80000, 0x00000000d8600000, 0x0000000100000000)
  eden space 33280K, 100% used [0x00000000d5b80000,0x00000000d7c00000,0x00000000d7c00000)
  from space 5120K, 99% used [0x00000000d7c00000,0x00000000d80f9af0,0x00000000d8100000)
  to   space 5120K, 0% used [0x00000000d8100000,0x00000000d8100000,0x00000000d8600000)
 ParOldGen       total 87552K, used 4534K [0x0000000081200000, 0x0000000086780000, 0x00000000d5b80000)
  object space 87552K, 5% used [0x0000000081200000,0x000000008166db98,0x0000000086780000)
 Metaspace       used 14417K, capacity 14698K, committed 14976K, reserved 1062912K
  class space    used 1689K, capacity 1801K, committed 1920K, reserved 1048576K
Event: 6.599 GC heap after
Heap after GC invocations=4 (full 0):
 PSYoungGen      total 38400K, used 5095K [0x00000000d5b80000, 0x00000000d8600000, 0x0000000100000000)
  eden space 33280K, 0% used [0x00000000d5b80000,0x00000000d5b80000,0x00000000d7c00000)
  from space 5120K, 99% used [0x00000000d8100000,0x00000000d85f9d48,0x00000000d8600000)
  to   space 5120K, 0% used [0x00000000d7c00000,0x00000000d7c00000,0x00000000d8100000)
 ParOldGen       total 87552K, used 8225K [0x0000000081200000, 0x0000000086780000, 0x00000000d5b80000)
  object space 87552K, 9% used [0x0000000081200000,0x0000000081a08518,0x0000000086780000)
 Metaspace       used 14417K, capacity 14698K, committed 14976K, reserved 1062912K
  class space    used 1689K, capacity 1801K, committed 1920K, reserved 1048576K
}
Event: 6.974 GC heap before
{Heap before GC invocations=5 (full 0):
 PSYoungGen      total 38400K, used 38375K [0x00000000d5b80000, 0x00000000d8600000, 0x0000000100000000)
  eden space 33280K, 100% used [0x00000000d5b80000,0x00000000d7c00000,0x00000000d7c00000)
  from space 5120K, 99% used [0x00000000d8100000,0x00000000d85f9d48,0x00000000d8600000)
  to   space 5120K, 0% used [0x00000000d7c00000,0x00000000d7c00000,0x00000000d8100000)
 ParOldGen       total 87552K, used 8225K [0x0000000081200000, 0x0000000086780000, 0x00000000d5b80000)
  object space 87552K, 9% used [0x0000000081200000,0x0000000081a08518,0x0000000086780000)
 Metaspace       used 15084K, capacity 15356K, committed 15488K, reserved 1062912K
  class space    used 1776K, capacity 1868K, committed 1920K, reserved 1048576K
Event: 6.989 GC heap after
Heap after GC invocations=5 (full 0):
 PSYoungGen      total 38400K, used 5120K [0x00000000d5b80000, 0x00000000db380000, 0x0000000100000000)
  eden space 33280K, 0% used [0x00000000d5b80000,0x00000000d5b80000,0x00000000d7c00000)
  from space 5120K, 100% used [0x00000000d7c00000,0x00000000d8100000,0x00000000d8100000)
  to   space 11776K, 0% used [0x00000000da800000,0x00000000da800000,0x00000000db380000)
 ParOldGen       total 87552K, used 11925K [0x0000000081200000, 0x0000000086780000, 0x00000000d5b80000)
  object space 87552K, 13% used [0x0000000081200000,0x0000000081da54a8,0x0000000086780000)
 Metaspace       used 15084K, capacity 15356K, committed 15488K, reserved 1062912K
  class space    used 1776K, capacity 1868K, committed 1920K, reserved 1048576K
}
Event: 7.501 GC heap before
{Heap before GC invocations=6 (full 0):
 PSYoungGen      total 38400K, used 38400K [0x00000000d5b80000, 0x00000000db380000, 0x0000000100000000)
  eden space 33280K, 100% used [0x00000000d5b80000,0x00000000d7c00000,0x00000000d7c00000)
  from space 5120K, 100% used [0x00000000d7c00000,0x00000000d8100000,0x00000000d8100000)
  to   space 11776K, 0% used [0x00000000da800000,0x00000000da800000,0x00000000db380000)
 ParOldGen       total 87552K, used 11925K [0x0000000081200000, 0x0000000086780000, 0x00000000d5b80000)
  object space 87552K, 13% used [0x0000000081200000,0x0000000081da54a8,0x0000000086780000)
 Metaspace       used 15148K, capacity 15458K, committed 15744K, reserved 1062912K
  class space    used 1787K, capacity 1901K, committed 1920K, reserved 1048576K
Event: 7.573 GC heap after
Heap after GC invocations=6 (full 0):
 PSYoungGen      total 78336K, used 8544K [0x00000000d5b80000, 0x00000000db380000, 0x0000000100000000)
  eden space 66560K, 0% used [0x00000000d5b80000,0x00000000d5b80000,0x00000000d9c80000)
  from space 11776K, 72% used [0x00000000da800000,0x00000000db058000,0x00000000db380000)
  to   space 11776K, 0% used [0x00000000d9c80000,0x00000000d9c80000,0x00000000da800000)
 ParOldGen       total 87552K, used 11925K [0x0000000081200000, 0x0000000086780000, 0x00000000d5b80000)
  object space 87552K, 13% used [0x0000000081200000,0x0000000081da54a8,0x0000000086780000)
 Metaspace       used 15148K, capacity 15458K, committed 15744K, reserved 1062912K
  class space    used 1787K, capacity 1901K, committed 1920K, reserved 1048576K
}

Deoptimization events (10 events):
Event: 7.690 Thread 0x0000000002b24000 Uncommon trap: reason=range_check action=none pc=0x000000000309bd9c method=sun.reflect.generics.parser.SignatureParser.current()C @ 34
Event: 7.690 Thread 0x0000000002b24000 Uncommon trap: reason=range_check action=none pc=0x000000000309bd9c method=sun.reflect.generics.parser.SignatureParser.current()C @ 34
Event: 7.690 Thread 0x0000000002b24000 Uncommon trap: reason=range_check action=none pc=0x000000000309bd9c method=sun.reflect.generics.parser.SignatureParser.current()C @ 34
Event: 7.691 Thread 0x0000000002b24000 Uncommon trap: reason=range_check action=none pc=0x000000000309bd9c method=sun.reflect.generics.parser.SignatureParser.current()C @ 34
Event: 7.691 Thread 0x0000000002b24000 Uncommon trap: reason=range_check action=none pc=0x000000000309bd9c method=sun.reflect.generics.parser.SignatureParser.current()C @ 34
Event: 7.691 Thread 0x0000000002b24000 Uncommon trap: reason=range_check action=none pc=0x000000000309bd9c method=sun.reflect.generics.parser.SignatureParser.current()C @ 34
Event: 7.691 Thread 0x0000000002b24000 Uncommon trap: reason=range_check action=none pc=0x000000000309bd9c method=sun.reflect.generics.parser.SignatureParser.current()C @ 34
Event: 7.691 Thread 0x0000000002b24000 Uncommon trap: reason=range_check action=none pc=0x000000000309bd9c method=sun.reflect.generics.parser.SignatureParser.current()C @ 34
Event: 7.691 Thread 0x0000000002b24000 Uncommon trap: reason=range_check action=none pc=0x000000000309bd9c method=sun.reflect.generics.parser.SignatureParser.current()C @ 34
Event: 7.691 Thread 0x0000000002b24000 Uncommon trap: reason=range_check action=none pc=0x000000000309bd9c method=sun.reflect.generics.parser.SignatureParser.current()C @ 34

Internal exceptions (10 events):
Event: 7.690 Thread 0x0000000002b24000 Exception <a 'java/lang/ArrayIndexOutOfBoundsException': 27> (0x00000000d64bcda0) thrown at [C:\re\workspace\8-2-build-windows-amd64-cygwin\jdk8u144\9417\hotspot\src\share\vm\interpreter\interpreterRuntime.cpp, line 366]
Event: 7.690 Thread 0x0000000002b24000 Exception <a 'java/lang/ArrayIndexOutOfBoundsException': 121> (0x00000000d64bfd68) thrown at [C:\re\workspace\8-2-build-windows-amd64-cygwin\jdk8u144\9417\hotspot\src\share\vm\interpreter\interpreterRuntime.cpp, line 366]
Event: 7.690 Thread 0x0000000002b24000 Exception <a 'java/lang/ArrayIndexOutOfBoundsException': 100> (0x00000000d64c4b70) thrown at [C:\re\workspace\8-2-build-windows-amd64-cygwin\jdk8u144\9417\hotspot\src\share\vm\interpreter\interpreterRuntime.cpp, line 366]
Event: 7.691 Thread 0x0000000002b24000 Exception <a 'java/lang/ArrayIndexOutOfBoundsException': 94> (0x00000000d64c8618) thrown at [C:\re\workspace\8-2-build-windows-amd64-cygwin\jdk8u144\9417\hotspot\src\share\vm\interpreter\interpreterRuntime.cpp, line 366]
Event: 7.691 Thread 0x0000000002b24000 Exception <a 'java/lang/ArrayIndexOutOfBoundsException': 96> (0x00000000d64cc0a0) thrown at [C:\re\workspace\8-2-build-windows-amd64-cygwin\jdk8u144\9417\hotspot\src\share\vm\interpreter\interpreterRuntime.cpp, line 366]
Event: 7.691 Thread 0x0000000002b24000 Exception <a 'java/lang/ArrayIndexOutOfBoundsException': 38> (0x00000000d64cf350) thrown at [C:\re\workspace\8-2-build-windows-amd64-cygwin\jdk8u144\9417\hotspot\src\share\vm\interpreter\interpreterRuntime.cpp, line 366]
Event: 7.691 Thread 0x0000000002b24000 Exception <a 'java/lang/ArrayIndexOutOfBoundsException': 96> (0x00000000d64d26d8) thrown at [C:\re\workspace\8-2-build-windows-amd64-cygwin\jdk8u144\9417\hotspot\src\share\vm\interpreter\interpreterRuntime.cpp, line 366]
Event: 7.691 Thread 0x0000000002b24000 Exception <a 'java/lang/ArrayIndexOutOfBoundsException': 63> (0x00000000d64d5a80) thrown at [C:\re\workspace\8-2-build-windows-amd64-cygwin\jdk8u144\9417\hotspot\src\share\vm\interpreter\interpreterRuntime.cpp, line 366]
Event: 7.691 Thread 0x0000000002b24000 Exception <a 'java/lang/ArrayIndexOutOfBoundsException': 76> (0x00000000d64d9138) thrown at [C:\re\workspace\8-2-build-windows-amd64-cygwin\jdk8u144\9417\hotspot\src\share\vm\interpreter\interpreterRuntime.cpp, line 366]
Event: 7.691 Thread 0x0000000002b24000 Exception <a 'java/lang/ArrayIndexOutOfBoundsException': 70> (0x00000000d64dbff8) thrown at [C:\re\workspace\8-2-build-windows-amd64-cygwin\jdk8u144\9417\hotspot\src\share\vm\interpreter\interpreterRuntime.cpp, line 366]

Events (10 events):
Event: 7.691 Thread 0x0000000002b24000 Uncommon trap: trap_request=0xffffffe7 fr.pc=0x000000000309bd9c
Event: 7.691 Thread 0x0000000002b24000 DEOPT PACKING pc=0x000000000309bd9c sp=0x0000000002aa5840
Event: 7.691 Thread 0x0000000002b24000 DEOPT UNPACKING pc=0x0000000002cd582a sp=0x0000000002aa57d0 mode 2
Event: 7.691 Thread 0x0000000002b24000 Uncommon trap: trap_request=0xffffffe7 fr.pc=0x000000000309bd9c
Event: 7.691 Thread 0x0000000002b24000 DEOPT PACKING pc=0x000000000309bd9c sp=0x0000000002aa5ff0
Event: 7.691 Thread 0x0000000002b24000 DEOPT UNPACKING pc=0x0000000002cd582a sp=0x0000000002aa5f80 mode 2
Event: 7.691 Thread 0x0000000002b24000 Uncommon trap: trap_request=0xffffffe7 fr.pc=0x000000000309bd9c
Event: 7.691 Thread 0x0000000002b24000 DEOPT PACKING pc=0x000000000309bd9c sp=0x0000000002aa5ff0
Event: 7.691 Thread 0x0000000002b24000 DEOPT UNPACKING pc=0x0000000002cd582a sp=0x0000000002aa5f80 mode 2
Event: 7.692 Thread 0x0000000002b24000 Uncommon trap: trap_request=0xffffffe7 fr.pc=0x000000000309bd9c


Dynamic libraries:
0x00007ff6c9110000 - 0x00007ff6c9147000 	C:\Program Files\Java\jdk1.8.0_144\bin\java.exe
0x00007ff8785a0000 - 0x00007ff878772000 	C:\WINDOWS\SYSTEM32\ntdll.dll
0x00007ff8770b0000 - 0x00007ff87715c000 	C:\WINDOWS\System32\KERNEL32.DLL
0x00007ff874df0000 - 0x00007ff87500d000 	C:\WINDOWS\System32\KERNELBASE.dll
0x000000006e8e0000 - 0x000000006e993000 	C:\Program Files\Bitdefender\Endpoint Security\Signatures\AVC\AVC3_00634_069\avcuf64.dll
0x00007ff877160000 - 0x00007ff877202000 	C:\WINDOWS\System32\ADVAPI32.dll
0x00007ff878470000 - 0x00007ff87850e000 	C:\WINDOWS\System32\msvcrt.dll
0x00007ff877db0000 - 0x00007ff877e09000 	C:\WINDOWS\System32\sechost.dll
0x00007ff8782c0000 - 0x00007ff8783e1000 	C:\WINDOWS\System32\RPCRT4.dll
0x00007ff877e70000 - 0x00007ff877fd5000 	C:\WINDOWS\System32\USER32.dll
0x00007ff874aa0000 - 0x00007ff874abe000 	C:\WINDOWS\System32\win32u.dll
0x00007ff875b30000 - 0x00007ff875b64000 	C:\WINDOWS\System32\GDI32.dll
0x00007ff8758b0000 - 0x00007ff875a30000 	C:\WINDOWS\System32\gdi32full.dll
0x00007ff86b870000 - 0x00007ff86baea000 	C:\WINDOWS\WinSxS\amd64_microsoft.windows.common-controls_6595b64144ccf1df_6.0.14393.953_none_42151e83c686086b\COMCTL32.dll
0x00007ff877210000 - 0x00007ff8774d8000 	C:\WINDOWS\System32\combase.dll
0x00007ff874b20000 - 0x00007ff874c15000 	C:\WINDOWS\System32\ucrtbase.dll
0x00007ff8756f0000 - 0x00007ff87575a000 	C:\WINDOWS\System32\bcryptPrimitives.dll
0x00007ff877080000 - 0x00007ff8770ae000 	C:\WINDOWS\System32\IMM32.DLL
0x000000006dbc0000 - 0x000000006dc92000 	C:\Program Files\Java\jdk1.8.0_144\jre\bin\msvcr100.dll
0x000000006dca0000 - 0x000000006e53d000 	C:\Program Files\Java\jdk1.8.0_144\jre\bin\server\jvm.dll
0x00007ff878510000 - 0x00007ff878518000 	C:\WINDOWS\System32\PSAPI.DLL
0x00007ff871f90000 - 0x00007ff871f99000 	C:\WINDOWS\SYSTEM32\WSOCK32.dll
0x00007ff878250000 - 0x00007ff8782ba000 	C:\WINDOWS\System32\WS2_32.dll
0x00007ff872800000 - 0x00007ff872823000 	C:\WINDOWS\SYSTEM32\WINMM.dll
0x00007ff869c90000 - 0x00007ff869c9a000 	C:\WINDOWS\SYSTEM32\VERSION.dll
0x00007ff8726c0000 - 0x00007ff8726eb000 	C:\WINDOWS\SYSTEM32\WINMMBASE.dll
0x00007ff875a30000 - 0x00007ff875a72000 	C:\WINDOWS\System32\cfgmgr32.dll
0x000000006db70000 - 0x000000006db7f000 	C:\Program Files\Java\jdk1.8.0_144\jre\bin\verify.dll
0x000000006db40000 - 0x000000006db69000 	C:\Program Files\Java\jdk1.8.0_144\jre\bin\java.dll
0x000000006d790000 - 0x000000006d7c5000 	C:\Program Files\Java\jdk1.8.0_144\jre\bin\jdwp.dll
0x000000006d780000 - 0x000000006d788000 	C:\Program Files\Java\jdk1.8.0_144\jre\bin\npt.dll
0x000000006db20000 - 0x000000006db36000 	C:\Program Files\Java\jdk1.8.0_144\jre\bin\zip.dll
0x00007ff875b70000 - 0x00007ff877078000 	C:\WINDOWS\System32\SHELL32.dll
0x00007ff875010000 - 0x00007ff8756e8000 	C:\WINDOWS\System32\windows.storage.dll
0x00007ff874a50000 - 0x00007ff874a9c000 	C:\WINDOWS\System32\powrprof.dll
0x00007ff877cb0000 - 0x00007ff877d02000 	C:\WINDOWS\System32\shlwapi.dll
0x00007ff874a40000 - 0x00007ff874a4f000 	C:\WINDOWS\System32\kernel.appcore.dll
0x00007ff875800000 - 0x00007ff8758a9000 	C:\WINDOWS\System32\shcore.dll
0x00007ff874a10000 - 0x00007ff874a24000 	C:\WINDOWS\System32\profapi.dll
0x000000006d7d0000 - 0x000000006d7db000 	C:\Program Files\Java\jdk1.8.0_144\jre\bin\dt_shmem.dll
0x000000006db00000 - 0x000000006db1a000 	C:\Program Files\Java\jdk1.8.0_144\jre\bin\net.dll
0x00007ff8742e0000 - 0x00007ff87433c000 	C:\WINDOWS\system32\mswsock.dll
0x00007ff861cf0000 - 0x00007ff861d06000 	C:\WINDOWS\system32\napinsp.dll
0x00007ff8617a0000 - 0x00007ff8617ba000 	C:\WINDOWS\system32\pnrpnsp.dll
0x00007ff872e00000 - 0x00007ff872e18000 	C:\WINDOWS\system32\NLAapi.dll
0x00007ff8740a0000 - 0x00007ff874141000 	C:\WINDOWS\SYSTEM32\DNSAPI.dll
0x00007ff8783f0000 - 0x00007ff8783f8000 	C:\WINDOWS\System32\NSI.dll
0x00007ff874060000 - 0x00007ff874098000 	C:\WINDOWS\SYSTEM32\IPHLPAPI.DLL
0x00007ff8614c0000 - 0x00007ff8614ce000 	C:\WINDOWS\System32\winrnr.dll
0x00007ff8613d0000 - 0x00007ff8613e5000 	C:\WINDOWS\System32\wshbth.dll
0x0000000002c20000 - 0x0000000002c46000 	C:\Program Files\Bonjour\mdnsNSP.dll
0x00007ff8657b0000 - 0x00007ff8657ba000 	C:\Windows\System32\rasadhlp.dll
0x00007ff86a440000 - 0x00007ff86a4aa000 	C:\WINDOWS\System32\fwpuclnt.dll
0x00007ff874960000 - 0x00007ff87498b000 	C:\WINDOWS\SYSTEM32\bcrypt.dll
0x000000006da40000 - 0x000000006da64000 	C:\Program Files\Java\jdk1.8.0_144\jre\bin\sunec.dll
0x00007ff86fc40000 - 0x00007ff86fc56000 	C:\WINDOWS\SYSTEM32\dhcpcsvc6.DLL
0x00007ff86fcf0000 - 0x00007ff86fd0a000 	C:\WINDOWS\SYSTEM32\dhcpcsvc.DLL
0x000000006dae0000 - 0x000000006daf1000 	C:\Program Files\Java\jdk1.8.0_144\jre\bin\nio.dll
0x00007ff874480000 - 0x00007ff874497000 	C:\WINDOWS\SYSTEM32\CRYPTSP.dll
0x00007ff873ee0000 - 0x00007ff873f13000 	C:\WINDOWS\system32\rsaenh.dll
0x00007ff874160000 - 0x00007ff87417f000 	C:\WINDOWS\SYSTEM32\USERENV.dll
0x00007ff8744a0000 - 0x00007ff8744ab000 	C:\WINDOWS\SYSTEM32\CRYPTBASE.dll

VM Arguments:
jvm_args: -Xdebug -Xrunjdwp:transport=dt_shmem,address=javadebug -ea -Xbootclasspath/p:C:\Program Files (x86)\NetBeans 8.2\enterprise\modules\ext\javaee6-endorsed\javax.annotation.jar;C:\Program Files (x86)\NetBeans 8.2\enterprise\modules\ext\javaee6-endorsed\jaxb-api-osgi.jar;C:\Program Files (x86)\NetBeans 8.2\enterprise\modules\ext\javaee6-endorsed\webservices-api-osgi.jar 
java_command: org.apache.tools.ant.taskdefs.optional.junit.JUnitTestRunner com.losalpes.servicios.PersistenciaBMTTest methods=testInsertar skipNonTests=false filtertrace=true haltOnError=false haltOnFailure=false showoutput=true outputtoformatters=true logfailedtests=true threadid=0 logtestlistenerevents=true formatter=org.apache.tools.ant.taskdefs.optional.junit.BriefJUnitResultFormatter formatter=org.apache.tools.ant.taskdefs.optional.junit.XMLJUnitResultFormatter,C:\Users\JUANPA~1\AppData\Local\Temp\TEST-com.losalpes.servicios.PersistenciaBMTTest.xml crashfile=C:\Users\Juan Paz\Documents\Personales\ECOS\Desarrollo basado en componentes\Ejercicios\Lab5JTA\Lab3-MueblesDeLosAlpes-ejb\build\junitvmwatcher6780078466698315627.properties propsfile=C:\Users\Juan Paz\Documents\Personales\ECOS\Desarrollo basado en componentes\Ejercicios\Lab5JTA\Lab3-MueblesDeLosAlpes-ejb\build\junit5539139441712703732.properties
java_class_path (initial): C:\Users\Juan Paz\Documents\Personales\ECOS\Desarrollo basado en componentes\Ejercicios\Lab5JTA\Lab3-MueblesDeLosAlpes-ejb\build\classes;C:\Program Files (x86)\NetBeans 8.2\platform\modules\ext\junit-4.12.jar;C:\Program Files (x86)\NetBeans 8.2\platform\modules\ext\hamcrest-core-1.3.jar;C:\Users\Juan Paz\Documents\Personales\ECOS\Desarrollo basado en componentes\Ejercicios\Lab5JTA\Lab3-MueblesDeLosAlpes-ejb\build\test\classes;C:\Program Files (x86)\glassfish-4.1.1\glassfish\modules\endorsed\javax.annotation-api.jar;C:\Program Files (x86)\glassfish-4.1.1\glassfish\modules\endorsed\jaxb-api.jar;C:\Program Files (x86)\glassfish-4.1.1\glassfish\modules\endorsed\webservices-api-osgi.jar;C:\Program Files (x86)\glassfish-4.1.1\glassfish\modules\bean-validator.jar;C:\Program Files (x86)\glassfish-4.1.1\glassfish\modules\cdi-api.jar;C:\Program Files (x86)\glassfish-4.1.1\glassfish\modules\javax.batch-api.jar;C:\Program Files (x86)\glassfish-4.1.1\glassfish\modules\javax.ejb-api.jar;C:\Program Files (x86)\glassfish-4.1.1\glassfish\modules\javax.el.jar;C:\Program Files (x86)\glassfish-4.1.1\glassfish\modules\javax.enterprise.concurrent-api.jar;C:\Program Files (x86)\glassfish-4.1.1\glassfish\modules\javax.enterprise.concurrent.jar;C:\Program Files (x86)\glassfish-4.1.1\glassfish\modules\javax.enterprise.deploy-api.jar;C:\Program Files (x86)\glassfish-4.1.1\glassfish\modules\javax.faces.jar;C:\Program Files (x86)\glassfish-4.1.1\glassfish\modules\javax.inject.jar;C:\Program Files (x86)\glassfish-4.1.1\glassfish\modules\javax.interceptor-api.jar;C:\Program Files (x86)\glassfish-4.1.1\glassfish\modules\javax.jms-api.jar;C:\Program Files (x86)\glassfish-4.1.1\glassfish\modules\javax.json.jar;C:\Program Files (x86)\glassfish-4.1.1\glassfish\modules\javax.mail.jar;C:\Program Files (x86)\glassfish-4.1.1\glassfish\modules\javax.management.j2ee-api.jar;C:\Program Files (x86)\glassfish-4.1.1\glassfish\modules\javax.persistence.jar;C:\Program Files (x86)\glas
Launcher Type: SUN_STANDARD

Environment Variables:
JAVA_HOME=C:\Program Files (x86)\Java\jdk1.8.0_121
PATH=C:\oraclexe\app\oracle\product\11.2.0\server\bin;;C:\Program Files\Broadcom\Broadcom 802.11 Network Adapter;C:\Program Files (x86)\Intel\iCLS Client\;C:\Program Files\Intel\iCLS Client\;C:\WINDOWS\system32;C:\WINDOWS;C:\WINDOWS\System32\Wbem;C:\WINDOWS\System32\WindowsPowerShell\v1.0\;C:\Program Files (x86)\Intel\Intel(R) Management Engine Components\DAL;C:\Program Files\Intel\Intel(R) Management Engine Components\DAL;C:\Program Files (x86)\Intel\Intel(R) Management Engine Components\IPT;C:\Program Files\Intel\Intel(R) Management Engine Components\IPT;C:\Program Files\Git\cmd;C:\xampp\php;C:\ProgramData\ComposerSetup\bin;C:\Program Files (x86)\Skype\Phone\;C:\Users\Juan Paz\AppData\Roaming\Composer\vendor\bin;C:\Program Files\nodejs\;C:\Program Files\Redis\;C:\Program Files (x86)\Java\jdk1.8.0_121\bin;C:\Program Files (x86)\Cupi2\ant\bin\;C:\Program Files (x86)\PuTTY\;C:\xampp;C:\Program Files (x86)\Google\Cloud SDK\google-cloud-sdk\bin;C:\Users\Juan Paz\Documents\Personales\Pro JAVA\Spring CLI\bin;C:\Ruby23\bin;C:\Android\sdk\platform-tools;C:\Android\sdk\platforms;C:\Program Files\Java\jdk1.7.0_79\bin;C:\Users\Juan Paz\AppData\Local\Microsoft\WindowsApps;C:\Program Files (x86)\Microsoft VS Code\bin;C:\Program Files (x86)\Java\apache-maven-3.3.9\bin;C:\Program Files\Heroku\bin;C:\Program Files (x86)\Java\spring-1.1.4.RELEASE\bin
USERNAME=Juan Paz
OS=Windows_NT
PROCESSOR_IDENTIFIER=Intel64 Family 6 Model 61 Stepping 4, GenuineIntel



---------------  S Y S T E M  ---------------

OS: Windows 10.0 , 64 bit Build 14393 (10.0.14393.1198)

CPU:total 4 (initial active 4) (2 cores per cpu, 2 threads per core) family 6 model 61 stepping 4, cmov, cx8, fxsr, mmx, sse, sse2, sse3, ssse3, sse4.1, sse4.2, popcnt, avx, avx2, aes, clmul, erms, 3dnowpref, lzcnt, ht, tsc, tscinvbit, bmi1, bmi2, adx

Memory: 4k page, physical 8309004k(1244308k free), swap 8309004k(5148k free)

vm_info: Java HotSpot(TM) 64-Bit Server VM (25.144-b01) for windows-amd64 JRE (1.8.0_144-b01), built on Jul 21 2017 21:57:33 by "java_re" with MS VC++ 10.0 (VS2010)

time: Sun Nov 12 21:53:00 2017
elapsed time: 7 seconds (0d 0h 0m 7s)

